2024-12-18 23:58:00,941 - INFO - Critical Error | Coordinate 'right' is less than 'left'
2024-12-18 23:58:01,010 - INFO - Critical Error | Coordinate 'right' is less than 'left'
2024-12-18 23:58:01,080 - INFO - Critical Error | Coordinate 'right' is less than 'left'
2024-12-18 23:58:01,150 - INFO - Critical Error | Coordinate 'right' is less than 'left'
2024-12-18 23:58:01,217 - INFO - Critical Error | Coordinate 'right' is less than 'left'
2024-12-18 23:58:01,282 - INFO - Critical Error | Coordinate 'right' is less than 'left'
2024-12-18 23:58:01,346 - INFO - Critical Error | Coordinate 'right' is less than 'left'
2024-12-18 23:58:01,415 - INFO - Critical Error | Coordinate 'right' is less than 'left'
2024-12-18 23:58:01,485 - INFO - Critical Error | Coordinate 'right' is less than 'left'
2024-12-18 23:58:01,555 - INFO - Critical Error | Coordinate 'right' is less than 'left'
2024-12-18 23:58:01,618 - INFO - Critical Error | Coordinate 'right' is less than 'left'
2024-12-18 23:58:01,688 - INFO - Critical Error | Coordinate 'right' is less than 'left'
2024-12-18 23:58:01,755 - INFO - Critical Error | Coordinate 'right' is less than 'left'
2024-12-18 23:58:01,823 - INFO - Critical Error | Coordinate 'right' is less than 'left'
2024-12-18 23:58:01,890 - INFO - Critical Error | Coordinate 'right' is less than 'left'
2024-12-18 23:58:01,956 - INFO - Critical Error | Coordinate 'right' is less than 'left'
2024-12-18 23:58:02,020 - INFO - Critical Error | Coordinate 'right' is less than 'left'
2024-12-18 23:58:02,090 - INFO - Critical Error | Coordinate 'right' is less than 'left'
2024-12-18 23:58:02,159 - INFO - Critical Error | Coordinate 'right' is less than 'left'
2024-12-18 23:58:02,220 - INFO - Critical Error | Coordinate 'right' is less than 'left'
2024-12-18 23:58:02,284 - INFO - Critical Error | Coordinate 'right' is less than 'left'
2024-12-18 23:58:02,346 - INFO - Critical Error | Coordinate 'right' is less than 'left'
2024-12-18 23:58:02,415 - INFO - Critical Error | Coordinate 'right' is less than 'left'
2024-12-18 23:58:02,485 - INFO - Critical Error | Coordinate 'right' is less than 'left'
2024-12-18 23:58:02,548 - INFO - Critical Error | Coordinate 'right' is less than 'left'
2024-12-18 23:58:02,656 - INFO - Critical Error | Coordinate 'right' is less than 'left'
2024-12-18 23:58:02,724 - INFO - Critical Error | Coordinate 'right' is less than 'left'
2024-12-18 23:58:02,816 - INFO - Critical Error | Coordinate 'right' is less than 'left'
2024-12-18 23:58:02,880 - INFO - Critical Error | Coordinate 'right' is less than 'left'
2024-12-18 23:58:02,954 - INFO - Critical Error | Coordinate 'right' is less than 'left'
2024-12-18 23:58:03,021 - INFO - Critical Error | Coordinate 'right' is less than 'left'
2024-12-18 23:58:03,091 - INFO - Critical Error | Coordinate 'right' is less than 'left'
2024-12-18 23:58:03,170 - INFO - Critical Error | Coordinate 'right' is less than 'left'
2024-12-18 23:58:03,247 - INFO - Critical Error | Coordinate 'right' is less than 'left'
2024-12-18 23:58:03,324 - INFO - Critical Error | Coordinate 'right' is less than 'left'
2024-12-18 23:58:03,405 - INFO - Critical Error | Coordinate 'right' is less than 'left'
2024-12-18 23:58:03,471 - INFO - Critical Error | Coordinate 'right' is less than 'left'
2024-12-18 23:58:03,573 - INFO - Critical Error | Coordinate 'right' is less than 'left'
2024-12-18 23:58:03,661 - INFO - Critical Error | Coordinate 'right' is less than 'left'
2024-12-18 23:58:03,743 - INFO - Critical Error | Coordinate 'right' is less than 'left'
2024-12-18 23:58:03,825 - INFO - Critical Error | Coordinate 'right' is less than 'left'
2024-12-18 23:58:03,897 - INFO - Critical Error | Coordinate 'right' is less than 'left'
2024-12-18 23:58:03,965 - INFO - Critical Error | Coordinate 'right' is less than 'left'
2024-12-18 23:58:04,038 - INFO - Critical Error | Coordinate 'right' is less than 'left'
2024-12-18 23:58:04,103 - INFO - Critical Error | Coordinate 'right' is less than 'left'
2024-12-18 23:58:04,174 - INFO - Critical Error | Coordinate 'right' is less than 'left'
2024-12-18 23:58:04,237 - INFO - Critical Error | Coordinate 'right' is less than 'left'
2024-12-18 23:58:04,356 - INFO - Critical Error | Coordinate 'right' is less than 'left'
2024-12-18 23:58:04,446 - INFO - Critical Error | Coordinate 'right' is less than 'left'
2024-12-18 23:58:04,537 - INFO - Critical Error | Coordinate 'right' is less than 'left'
2024-12-18 23:58:04,628 - INFO - Critical Error | Coordinate 'right' is less than 'left'
2024-12-18 23:58:04,726 - INFO - Critical Error | Coordinate 'right' is less than 'left'
2024-12-18 23:58:04,796 - INFO - Critical Error | Coordinate 'right' is less than 'left'
2024-12-18 23:58:04,868 - INFO - Critical Error | Coordinate 'right' is less than 'left'
2024-12-18 23:58:04,940 - INFO - Critical Error | Coordinate 'right' is less than 'left'
2024-12-18 23:58:05,015 - INFO - Critical Error | Coordinate 'right' is less than 'left'
2024-12-18 23:58:05,087 - INFO - Critical Error | Coordinate 'right' is less than 'left'
2024-12-18 23:58:05,158 - INFO - Critical Error | Coordinate 'right' is less than 'left'
2024-12-18 23:58:05,227 - INFO - Critical Error | Coordinate 'right' is less than 'left'
2024-12-18 23:58:05,296 - INFO - Critical Error | Coordinate 'right' is less than 'left'
2024-12-18 23:58:05,368 - INFO - Critical Error | Coordinate 'right' is less than 'left'
2024-12-18 23:58:05,438 - INFO - Critical Error | Coordinate 'right' is less than 'left'
2024-12-18 23:58:05,507 - INFO - Critical Error | Coordinate 'right' is less than 'left'
2024-12-18 23:58:05,580 - INFO - Critical Error | Coordinate 'right' is less than 'left'
2024-12-18 23:58:05,652 - INFO - Critical Error | Coordinate 'right' is less than 'left'
2024-12-18 23:58:05,722 - INFO - Critical Error | Coordinate 'right' is less than 'left'
2024-12-18 23:58:05,792 - INFO - Critical Error | Coordinate 'right' is less than 'left'
2024-12-18 23:58:05,862 - INFO - Critical Error | Coordinate 'right' is less than 'left'
2024-12-18 23:58:05,936 - INFO - Critical Error | Coordinate 'right' is less than 'left'
2024-12-18 23:58:06,011 - INFO - Critical Error | Coordinate 'right' is less than 'left'
2024-12-18 23:58:06,084 - INFO - Critical Error | Coordinate 'right' is less than 'left'
2024-12-18 23:58:06,159 - INFO - Critical Error | Coordinate 'right' is less than 'left'
2024-12-18 23:58:06,228 - INFO - Critical Error | Coordinate 'right' is less than 'left'
2024-12-18 23:58:06,293 - INFO - Critical Error | Coordinate 'right' is less than 'left'
2024-12-18 23:58:06,361 - INFO - Critical Error | Coordinate 'right' is less than 'left'
2024-12-18 23:58:06,443 - INFO - Critical Error | Coordinate 'right' is less than 'left'
2024-12-18 23:58:06,523 - INFO - Critical Error | Coordinate 'right' is less than 'left'
2024-12-18 23:58:06,596 - INFO - Critical Error | Coordinate 'right' is less than 'left'
2024-12-18 23:58:06,670 - INFO - Critical Error | Coordinate 'right' is less than 'left'
2024-12-18 23:58:06,747 - INFO - Critical Error | Coordinate 'right' is less than 'left'
2024-12-18 23:58:06,820 - INFO - Critical Error | Coordinate 'right' is less than 'left'
2024-12-18 23:58:06,894 - INFO - Critical Error | Coordinate 'right' is less than 'left'
2024-12-18 23:58:06,964 - INFO - Critical Error | Coordinate 'right' is less than 'left'
2024-12-18 23:58:07,050 - INFO - Critical Error | Coordinate 'right' is less than 'left'
2024-12-18 23:58:07,126 - INFO - Critical Error | Coordinate 'right' is less than 'left'
2024-12-18 23:58:52,390 - INFO - Critical Error | Coordinate 'right' is less than 'left'
2024-12-18 23:58:52,458 - INFO - Critical Error | Coordinate 'right' is less than 'left'
2024-12-18 23:58:52,528 - INFO - Critical Error | Coordinate 'right' is less than 'left'
2024-12-18 23:58:52,592 - INFO - Critical Error | Coordinate 'right' is less than 'left'
2024-12-18 23:58:52,653 - INFO - Critical Error | Coordinate 'right' is less than 'left'
2024-12-18 23:58:52,718 - INFO - Critical Error | Coordinate 'right' is less than 'left'
2024-12-18 23:58:52,776 - INFO - Critical Error | Coordinate 'right' is less than 'left'
2024-12-18 23:58:52,845 - INFO - Critical Error | Coordinate 'right' is less than 'left'
2024-12-18 23:58:52,912 - INFO - Critical Error | Coordinate 'right' is less than 'left'
2024-12-18 23:58:52,974 - INFO - Critical Error | Coordinate 'right' is less than 'left'
2024-12-18 23:58:53,038 - INFO - Critical Error | Coordinate 'right' is less than 'left'
2024-12-18 23:58:53,106 - INFO - Critical Error | Coordinate 'right' is less than 'left'
2024-12-18 23:58:53,170 - INFO - Critical Error | Coordinate 'right' is less than 'left'
2024-12-18 23:58:53,231 - INFO - Critical Error | Coordinate 'right' is less than 'left'
2024-12-18 23:58:53,294 - INFO - Critical Error | Coordinate 'right' is less than 'left'
2024-12-18 23:58:53,362 - INFO - Critical Error | Coordinate 'right' is less than 'left'
2024-12-18 23:58:53,423 - INFO - Critical Error | Coordinate 'right' is less than 'left'
2024-12-18 23:58:53,487 - INFO - Critical Error | Coordinate 'right' is less than 'left'
2024-12-18 23:58:53,552 - INFO - Critical Error | Coordinate 'right' is less than 'left'
2024-12-18 23:58:53,614 - INFO - Critical Error | Coordinate 'right' is less than 'left'
2024-12-18 23:58:53,675 - INFO - Critical Error | Coordinate 'right' is less than 'left'
2024-12-18 23:58:53,738 - INFO - Critical Error | Coordinate 'right' is less than 'left'
2024-12-18 23:58:53,801 - INFO - Critical Error | Coordinate 'right' is less than 'left'
2024-12-18 23:58:53,865 - INFO - Critical Error | Coordinate 'right' is less than 'left'
2024-12-18 23:58:53,928 - INFO - Critical Error | Coordinate 'right' is less than 'left'
2024-12-18 23:58:53,991 - INFO - Critical Error | Coordinate 'right' is less than 'left'
2024-12-18 23:58:54,060 - INFO - Critical Error | Coordinate 'right' is less than 'left'
2024-12-18 23:58:54,128 - INFO - Critical Error | Coordinate 'right' is less than 'left'
2024-12-18 23:58:54,190 - INFO - Critical Error | Coordinate 'right' is less than 'left'
2024-12-18 23:58:54,251 - INFO - Critical Error | Coordinate 'right' is less than 'left'
2024-12-18 23:58:54,314 - INFO - Critical Error | Coordinate 'right' is less than 'left'
2024-12-18 23:58:54,376 - INFO - Critical Error | Coordinate 'right' is less than 'left'
2024-12-18 23:58:54,438 - INFO - Critical Error | Coordinate 'right' is less than 'left'
2024-12-18 23:58:54,497 - INFO - Critical Error | Coordinate 'right' is less than 'left'
2024-12-18 23:58:54,560 - INFO - Critical Error | Coordinate 'right' is less than 'left'
2024-12-18 23:58:54,625 - INFO - Critical Error | Coordinate 'right' is less than 'left'
2024-12-18 23:58:54,686 - INFO - Critical Error | Coordinate 'right' is less than 'left'
2024-12-18 23:58:54,757 - INFO - Critical Error | Coordinate 'right' is less than 'left'
2024-12-18 23:58:54,817 - INFO - Critical Error | Coordinate 'right' is less than 'left'
2024-12-18 23:58:54,881 - INFO - Critical Error | Coordinate 'right' is less than 'left'
2024-12-18 23:58:54,944 - INFO - Critical Error | Coordinate 'right' is less than 'left'
2024-12-18 23:58:55,005 - INFO - Critical Error | Coordinate 'right' is less than 'left'
2024-12-18 23:58:55,067 - INFO - Critical Error | Coordinate 'right' is less than 'left'
2024-12-18 23:58:55,123 - INFO - Critical Error | Coordinate 'right' is less than 'left'
2024-12-18 23:58:55,183 - INFO - Critical Error | Coordinate 'right' is less than 'left'
2024-12-18 23:58:55,239 - INFO - Critical Error | Coordinate 'right' is less than 'left'
2024-12-18 23:58:55,304 - INFO - Critical Error | Coordinate 'right' is less than 'left'
2024-12-18 23:58:55,362 - INFO - Critical Error | Coordinate 'right' is less than 'left'
2024-12-18 23:58:55,423 - INFO - Critical Error | Coordinate 'right' is less than 'left'
2024-12-18 23:58:55,483 - INFO - Critical Error | Coordinate 'right' is less than 'left'
2024-12-18 23:58:55,550 - INFO - Critical Error | Coordinate 'right' is less than 'left'
2024-12-18 23:59:49,497 - INFO - Critical Error | Coordinate 'right' is less than 'left'
2024-12-18 23:59:49,592 - INFO - Critical Error | Coordinate 'right' is less than 'left'
2024-12-18 23:59:49,662 - INFO - Critical Error | Coordinate 'right' is less than 'left'
2024-12-18 23:59:49,736 - INFO - Critical Error | Coordinate 'right' is less than 'left'
2024-12-18 23:59:49,805 - INFO - Critical Error | Coordinate 'right' is less than 'left'
2024-12-18 23:59:49,878 - INFO - Critical Error | Coordinate 'right' is less than 'left'
2024-12-18 23:59:49,953 - INFO - Critical Error | Coordinate 'right' is less than 'left'
2024-12-18 23:59:50,024 - INFO - Critical Error | Coordinate 'right' is less than 'left'
2024-12-18 23:59:50,099 - INFO - Critical Error | Coordinate 'right' is less than 'left'
2024-12-18 23:59:50,176 - INFO - Critical Error | Coordinate 'right' is less than 'left'
2024-12-18 23:59:50,249 - INFO - Critical Error | Coordinate 'right' is less than 'left'
2024-12-18 23:59:50,326 - INFO - Critical Error | Coordinate 'right' is less than 'left'
2024-12-18 23:59:50,399 - INFO - Critical Error | Coordinate 'right' is less than 'left'
2024-12-18 23:59:50,475 - INFO - Critical Error | Coordinate 'right' is less than 'left'
2024-12-18 23:59:50,551 - INFO - Critical Error | Coordinate 'right' is less than 'left'
2024-12-18 23:59:50,627 - INFO - Critical Error | Coordinate 'right' is less than 'left'
2024-12-18 23:59:50,703 - INFO - Critical Error | Coordinate 'right' is less than 'left'
2024-12-18 23:59:50,778 - INFO - Critical Error | Coordinate 'right' is less than 'left'
2024-12-18 23:59:50,854 - INFO - Critical Error | Coordinate 'right' is less than 'left'
2024-12-18 23:59:50,925 - INFO - Critical Error | Coordinate 'right' is less than 'left'
2024-12-18 23:59:50,997 - INFO - Critical Error | Coordinate 'right' is less than 'left'
2024-12-18 23:59:51,068 - INFO - Critical Error | Coordinate 'right' is less than 'left'
2024-12-18 23:59:51,139 - INFO - Critical Error | Coordinate 'right' is less than 'left'
2024-12-18 23:59:51,212 - INFO - Critical Error | Coordinate 'right' is less than 'left'
2024-12-18 23:59:51,283 - INFO - Critical Error | Coordinate 'right' is less than 'left'
2024-12-18 23:59:51,348 - INFO - Critical Error | Coordinate 'right' is less than 'left'
2024-12-18 23:59:51,418 - INFO - Critical Error | Coordinate 'right' is less than 'left'
2024-12-18 23:59:51,486 - INFO - Critical Error | Coordinate 'right' is less than 'left'
2024-12-18 23:59:51,551 - INFO - Critical Error | Coordinate 'right' is less than 'left'
2024-12-18 23:59:51,623 - INFO - Critical Error | Coordinate 'right' is less than 'left'
2024-12-18 23:59:51,695 - INFO - Critical Error | Coordinate 'right' is less than 'left'
2024-12-18 23:59:51,763 - INFO - Critical Error | Coordinate 'right' is less than 'left'
2024-12-18 23:59:51,827 - INFO - Critical Error | Coordinate 'right' is less than 'left'
2024-12-18 23:59:51,891 - INFO - Critical Error | Coordinate 'right' is less than 'left'
2024-12-18 23:59:51,953 - INFO - Critical Error | Coordinate 'right' is less than 'left'
2024-12-18 23:59:52,021 - INFO - Critical Error | Coordinate 'right' is less than 'left'
2024-12-18 23:59:52,095 - INFO - Critical Error | Coordinate 'right' is less than 'left'
2024-12-18 23:59:52,166 - INFO - Critical Error | Coordinate 'right' is less than 'left'
2024-12-18 23:59:52,236 - INFO - Critical Error | Coordinate 'right' is less than 'left'
2024-12-18 23:59:52,298 - INFO - Critical Error | Coordinate 'right' is less than 'left'
2024-12-19 00:01:24,980 - INFO - Template Found | Path: images/icon1.png, Position: (0, 0)
2024-12-19 00:01:24,983 - INFO - Click Performed | Position: (0, 0)
2024-12-19 00:01:25,021 - INFO - Error | Template not found at images/icon2.png
2024-12-19 00:01:25,045 - INFO - Error | Template not found at images/icon3.png
2024-12-19 00:01:25,635 - INFO - Template Found | Path: images/icon1.png, Position: (0, 0)
2024-12-19 00:01:25,637 - INFO - Click Performed | Position: (0, 0)
2024-12-19 00:01:25,659 - INFO - Error | Template not found at images/icon2.png
2024-12-19 00:01:25,679 - INFO - Error | Template not found at images/icon3.png
2024-12-19 00:01:26,333 - INFO - Error | Template not found at images/icon2.png
2024-12-19 00:01:26,351 - INFO - Error | Template not found at images/icon3.png
2024-12-19 00:01:26,972 - INFO - Error | Template not found at images/icon2.png
2024-12-19 00:01:27,001 - INFO - Error | Template not found at images/icon3.png
2024-12-19 00:01:27,616 - INFO - Error | Template not found at images/icon2.png
2024-12-19 00:01:27,643 - INFO - Error | Template not found at images/icon3.png
2024-12-19 00:01:28,246 - INFO - Error | Template not found at images/icon2.png
2024-12-19 00:01:28,255 - INFO - Error | Template not found at images/icon3.png
2024-12-19 00:01:28,856 - INFO - Error | Template not found at images/icon2.png
2024-12-19 00:01:28,900 - INFO - Error | Template not found at images/icon3.png
2024-12-19 00:01:29,565 - INFO - Error | Template not found at images/icon2.png
2024-12-19 00:01:29,596 - INFO - Error | Template not found at images/icon3.png
2024-12-19 00:01:30,179 - INFO - Error | Template not found at images/icon2.png
2024-12-19 00:01:30,195 - INFO - Error | Template not found at images/icon3.png
2024-12-19 00:01:30,821 - INFO - Error | Template not found at images/icon2.png
2024-12-19 00:01:30,850 - INFO - Error | Template not found at images/icon3.png
2024-12-19 00:01:31,455 - INFO - Error | Template not found at images/icon2.png
2024-12-19 00:01:31,471 - INFO - Error | Template not found at images/icon3.png
2024-12-19 00:01:32,088 - INFO - Error | Template not found at images/icon2.png
2024-12-19 00:01:32,104 - INFO - Error | Template not found at images/icon3.png
2024-12-19 00:01:32,704 - INFO - Error | Template not found at images/icon2.png
2024-12-19 00:01:32,714 - INFO - Error | Template not found at images/icon3.png
2024-12-19 00:02:48,865 - INFO - Critical Error | Coordinate 'right' is less than 'left'
2024-12-19 00:02:48,937 - INFO - Critical Error | Coordinate 'right' is less than 'left'
2024-12-19 00:02:49,001 - INFO - Critical Error | Coordinate 'right' is less than 'left'
2024-12-19 00:02:49,065 - INFO - Critical Error | Coordinate 'right' is less than 'left'
2024-12-19 00:02:49,145 - INFO - Critical Error | Coordinate 'right' is less than 'left'
2024-12-19 00:02:49,250 - INFO - Critical Error | Coordinate 'right' is less than 'left'
2024-12-19 00:02:49,338 - INFO - Critical Error | Coordinate 'right' is less than 'left'
2024-12-19 00:02:49,430 - INFO - Critical Error | Coordinate 'right' is less than 'left'
2024-12-19 00:02:49,513 - INFO - Critical Error | Coordinate 'right' is less than 'left'
2024-12-19 00:02:49,598 - INFO - Critical Error | Coordinate 'right' is less than 'left'
2024-12-19 00:02:49,677 - INFO - Critical Error | Coordinate 'right' is less than 'left'
2024-12-19 00:02:49,739 - INFO - Critical Error | Coordinate 'right' is less than 'left'
2024-12-19 00:02:49,808 - INFO - Critical Error | Coordinate 'right' is less than 'left'
2024-12-19 00:02:49,870 - INFO - Critical Error | Coordinate 'right' is less than 'left'
2024-12-19 00:02:49,932 - INFO - Critical Error | Coordinate 'right' is less than 'left'
2024-12-19 00:02:49,996 - INFO - Critical Error | Coordinate 'right' is less than 'left'
2024-12-19 00:02:50,062 - INFO - Critical Error | Coordinate 'right' is less than 'left'
2024-12-19 00:02:50,126 - INFO - Critical Error | Coordinate 'right' is less than 'left'
2024-12-19 00:02:50,189 - INFO - Critical Error | Coordinate 'right' is less than 'left'
2024-12-19 00:02:50,258 - INFO - Critical Error | Coordinate 'right' is less than 'left'
2024-12-19 00:02:50,323 - INFO - Critical Error | Coordinate 'right' is less than 'left'
2024-12-19 00:02:50,392 - INFO - Critical Error | Coordinate 'right' is less than 'left'
2024-12-19 00:02:50,447 - INFO - Critical Error | Coordinate 'right' is less than 'left'
2024-12-19 00:02:50,506 - INFO - Critical Error | Coordinate 'right' is less than 'left'
2024-12-19 00:02:50,583 - INFO - Critical Error | Coordinate 'right' is less than 'left'
2024-12-19 00:02:50,639 - INFO - Critical Error | Coordinate 'right' is less than 'left'
2024-12-19 00:02:50,699 - INFO - Critical Error | Coordinate 'right' is less than 'left'
2024-12-19 00:02:50,761 - INFO - Critical Error | Coordinate 'right' is less than 'left'
2024-12-19 00:02:50,822 - INFO - Critical Error | Coordinate 'right' is less than 'left'
2024-12-19 00:02:50,886 - INFO - Critical Error | Coordinate 'right' is less than 'left'
2024-12-19 00:02:50,942 - INFO - Critical Error | Coordinate 'right' is less than 'left'
2024-12-19 00:02:51,006 - INFO - Critical Error | Coordinate 'right' is less than 'left'
2024-12-19 00:02:51,062 - INFO - Critical Error | Coordinate 'right' is less than 'left'
2024-12-19 00:02:51,122 - INFO - Critical Error | Coordinate 'right' is less than 'left'
2024-12-19 00:02:51,185 - INFO - Critical Error | Coordinate 'right' is less than 'left'
2024-12-19 00:02:51,246 - INFO - Critical Error | Coordinate 'right' is less than 'left'
2024-12-19 00:02:51,304 - INFO - Critical Error | Coordinate 'right' is less than 'left'
2024-12-19 00:02:51,365 - INFO - Critical Error | Coordinate 'right' is less than 'left'
2024-12-19 00:02:51,430 - INFO - Critical Error | Coordinate 'right' is less than 'left'
2024-12-19 00:02:51,491 - INFO - Critical Error | Coordinate 'right' is less than 'left'
2024-12-19 00:02:51,554 - INFO - Critical Error | Coordinate 'right' is less than 'left'
2024-12-19 00:02:51,616 - INFO - Critical Error | Coordinate 'right' is less than 'left'
2024-12-19 00:02:51,678 - INFO - Critical Error | Coordinate 'right' is less than 'left'
2024-12-19 00:02:51,741 - INFO - Critical Error | Coordinate 'right' is less than 'left'
2024-12-19 00:02:51,802 - INFO - Critical Error | Coordinate 'right' is less than 'left'
2024-12-19 00:02:51,873 - INFO - Critical Error | Coordinate 'right' is less than 'left'
2024-12-19 00:02:51,936 - INFO - Critical Error | Coordinate 'right' is less than 'left'
2024-12-19 00:02:51,996 - INFO - Critical Error | Coordinate 'right' is less than 'left'
2024-12-19 00:02:52,058 - INFO - Critical Error | Coordinate 'right' is less than 'left'
2024-12-19 00:02:52,117 - INFO - Critical Error | Coordinate 'right' is less than 'left'
2024-12-19 00:02:52,196 - INFO - Critical Error | Coordinate 'right' is less than 'left'
2024-12-19 00:02:52,259 - INFO - Critical Error | Coordinate 'right' is less than 'left'
2024-12-19 00:02:52,314 - INFO - Critical Error | Coordinate 'right' is less than 'left'
2024-12-19 00:02:52,382 - INFO - Critical Error | Coordinate 'right' is less than 'left'
2024-12-19 00:02:52,455 - INFO - Critical Error | Coordinate 'right' is less than 'left'
2024-12-19 00:02:52,535 - INFO - Critical Error | Coordinate 'right' is less than 'left'
2024-12-19 00:02:52,607 - INFO - Critical Error | Coordinate 'right' is less than 'left'
2024-12-19 00:02:52,686 - INFO - Critical Error | Coordinate 'right' is less than 'left'
2024-12-19 00:02:52,764 - INFO - Critical Error | Coordinate 'right' is less than 'left'
2024-12-19 00:02:52,848 - INFO - Critical Error | Coordinate 'right' is less than 'left'
2024-12-19 00:02:52,914 - INFO - Critical Error | Coordinate 'right' is less than 'left'
2024-12-19 00:02:52,980 - INFO - Critical Error | Coordinate 'right' is less than 'left'
2024-12-19 00:02:53,043 - INFO - Critical Error | Coordinate 'right' is less than 'left'
2024-12-19 00:02:53,107 - INFO - Critical Error | Coordinate 'right' is less than 'left'
2024-12-19 00:02:53,168 - INFO - Critical Error | Coordinate 'right' is less than 'left'
2024-12-19 00:02:53,231 - INFO - Critical Error | Coordinate 'right' is less than 'left'
2024-12-19 00:02:53,296 - INFO - Critical Error | Coordinate 'right' is less than 'left'
2024-12-19 00:02:53,362 - INFO - Critical Error | Coordinate 'right' is less than 'left'
2024-12-19 00:02:53,427 - INFO - Critical Error | Coordinate 'right' is less than 'left'
2024-12-19 00:02:53,496 - INFO - Critical Error | Coordinate 'right' is less than 'left'
2024-12-19 00:02:53,556 - INFO - Critical Error | Coordinate 'right' is less than 'left'
2024-12-19 00:02:53,618 - INFO - Critical Error | Coordinate 'right' is less than 'left'
2024-12-19 00:02:53,681 - INFO - Critical Error | Coordinate 'right' is less than 'left'
2024-12-19 00:02:53,743 - INFO - Critical Error | Coordinate 'right' is less than 'left'
2024-12-19 00:02:53,863 - INFO - Critical Error | Coordinate 'right' is less than 'left'
2024-12-19 00:02:53,935 - INFO - Critical Error | Coordinate 'right' is less than 'left'
2024-12-19 00:02:53,996 - INFO - Critical Error | Coordinate 'right' is less than 'left'
2024-12-19 00:02:54,057 - INFO - Critical Error | Coordinate 'right' is less than 'left'
2024-12-19 00:02:54,133 - INFO - Critical Error | Coordinate 'right' is less than 'left'
2024-12-19 00:02:54,226 - INFO - Critical Error | Coordinate 'right' is less than 'left'
2024-12-19 00:02:54,309 - INFO - Critical Error | Coordinate 'right' is less than 'left'
2024-12-19 00:02:54,390 - INFO - Critical Error | Coordinate 'right' is less than 'left'
2024-12-19 00:02:54,479 - INFO - Critical Error | Coordinate 'right' is less than 'left'
2024-12-19 00:02:54,561 - INFO - Critical Error | Coordinate 'right' is less than 'left'
2024-12-19 00:02:54,621 - INFO - Critical Error | Coordinate 'right' is less than 'left'
2024-12-19 00:02:54,684 - INFO - Critical Error | Coordinate 'right' is less than 'left'
2024-12-19 00:02:54,751 - INFO - Critical Error | Coordinate 'right' is less than 'left'
2024-12-19 00:02:54,811 - INFO - Critical Error | Coordinate 'right' is less than 'left'
2024-12-19 00:02:54,878 - INFO - Critical Error | Coordinate 'right' is less than 'left'
2024-12-19 00:02:54,948 - INFO - Critical Error | Coordinate 'right' is less than 'left'
2024-12-19 00:02:55,009 - INFO - Critical Error | Coordinate 'right' is less than 'left'
2024-12-19 00:02:55,069 - INFO - Critical Error | Coordinate 'right' is less than 'left'
2024-12-19 00:02:55,135 - INFO - Critical Error | Coordinate 'right' is less than 'left'
2024-12-19 00:02:55,198 - INFO - Critical Error | Coordinate 'right' is less than 'left'
2024-12-19 00:02:55,268 - INFO - Critical Error | Coordinate 'right' is less than 'left'
2024-12-19 00:02:55,328 - INFO - Critical Error | Coordinate 'right' is less than 'left'
2024-12-19 00:02:55,390 - INFO - Critical Error | Coordinate 'right' is less than 'left'
2024-12-19 00:02:55,454 - INFO - Critical Error | Coordinate 'right' is less than 'left'
2024-12-19 00:02:55,515 - INFO - Critical Error | Coordinate 'right' is less than 'left'
2024-12-19 00:02:55,577 - INFO - Critical Error | Coordinate 'right' is less than 'left'
2024-12-19 00:02:55,640 - INFO - Critical Error | Coordinate 'right' is less than 'left'
2024-12-19 00:02:55,702 - INFO - Critical Error | Coordinate 'right' is less than 'left'
2024-12-19 00:02:55,762 - INFO - Critical Error | Coordinate 'right' is less than 'left'
2024-12-19 00:02:55,827 - INFO - Critical Error | Coordinate 'right' is less than 'left'
2024-12-19 00:02:55,891 - INFO - Critical Error | Coordinate 'right' is less than 'left'
2024-12-19 00:02:55,953 - INFO - Critical Error | Coordinate 'right' is less than 'left'
2024-12-19 00:02:56,026 - INFO - Critical Error | Coordinate 'right' is less than 'left'
2024-12-19 00:02:56,085 - INFO - Critical Error | Coordinate 'right' is less than 'left'
2024-12-19 00:02:56,147 - INFO - Critical Error | Coordinate 'right' is less than 'left'
2024-12-19 00:02:56,209 - INFO - Critical Error | Coordinate 'right' is less than 'left'
2024-12-19 00:10:24,646 - INFO - Critical Error | OpenCV(4.9.0) D:\a\opencv-python\opencv-python\opencv\modules\imgproc\src\templmatch.cpp:1175: error: (-215:Assertion failed) _img.size().height <= _templ.size().height && _img.size().width <= _templ.size().width in function 'cv::matchTemplate'

2024-12-19 00:10:24,736 - INFO - Critical Error | OpenCV(4.9.0) D:\a\opencv-python\opencv-python\opencv\modules\imgproc\src\templmatch.cpp:1175: error: (-215:Assertion failed) _img.size().height <= _templ.size().height && _img.size().width <= _templ.size().width in function 'cv::matchTemplate'

2024-12-19 00:10:24,830 - INFO - Critical Error | OpenCV(4.9.0) D:\a\opencv-python\opencv-python\opencv\modules\imgproc\src\templmatch.cpp:1175: error: (-215:Assertion failed) _img.size().height <= _templ.size().height && _img.size().width <= _templ.size().width in function 'cv::matchTemplate'

2024-12-19 00:10:24,920 - INFO - Critical Error | OpenCV(4.9.0) D:\a\opencv-python\opencv-python\opencv\modules\imgproc\src\templmatch.cpp:1175: error: (-215:Assertion failed) _img.size().height <= _templ.size().height && _img.size().width <= _templ.size().width in function 'cv::matchTemplate'

2024-12-19 00:10:25,011 - INFO - Critical Error | OpenCV(4.9.0) D:\a\opencv-python\opencv-python\opencv\modules\imgproc\src\templmatch.cpp:1175: error: (-215:Assertion failed) _img.size().height <= _templ.size().height && _img.size().width <= _templ.size().width in function 'cv::matchTemplate'

2024-12-19 00:10:25,106 - INFO - Critical Error | OpenCV(4.9.0) D:\a\opencv-python\opencv-python\opencv\modules\imgproc\src\templmatch.cpp:1175: error: (-215:Assertion failed) _img.size().height <= _templ.size().height && _img.size().width <= _templ.size().width in function 'cv::matchTemplate'

2024-12-19 00:10:25,202 - INFO - Critical Error | OpenCV(4.9.0) D:\a\opencv-python\opencv-python\opencv\modules\imgproc\src\templmatch.cpp:1175: error: (-215:Assertion failed) _img.size().height <= _templ.size().height && _img.size().width <= _templ.size().width in function 'cv::matchTemplate'

2024-12-19 00:10:25,296 - INFO - Critical Error | OpenCV(4.9.0) D:\a\opencv-python\opencv-python\opencv\modules\imgproc\src\templmatch.cpp:1175: error: (-215:Assertion failed) _img.size().height <= _templ.size().height && _img.size().width <= _templ.size().width in function 'cv::matchTemplate'

2024-12-19 00:10:25,391 - INFO - Critical Error | OpenCV(4.9.0) D:\a\opencv-python\opencv-python\opencv\modules\imgproc\src\templmatch.cpp:1175: error: (-215:Assertion failed) _img.size().height <= _templ.size().height && _img.size().width <= _templ.size().width in function 'cv::matchTemplate'

2024-12-19 00:10:25,487 - INFO - Critical Error | OpenCV(4.9.0) D:\a\opencv-python\opencv-python\opencv\modules\imgproc\src\templmatch.cpp:1175: error: (-215:Assertion failed) _img.size().height <= _templ.size().height && _img.size().width <= _templ.size().width in function 'cv::matchTemplate'

2024-12-19 00:10:25,583 - INFO - Critical Error | OpenCV(4.9.0) D:\a\opencv-python\opencv-python\opencv\modules\imgproc\src\templmatch.cpp:1175: error: (-215:Assertion failed) _img.size().height <= _templ.size().height && _img.size().width <= _templ.size().width in function 'cv::matchTemplate'

2024-12-19 00:10:25,680 - INFO - Critical Error | OpenCV(4.9.0) D:\a\opencv-python\opencv-python\opencv\modules\imgproc\src\templmatch.cpp:1175: error: (-215:Assertion failed) _img.size().height <= _templ.size().height && _img.size().width <= _templ.size().width in function 'cv::matchTemplate'

2024-12-19 00:10:25,782 - INFO - Critical Error | OpenCV(4.9.0) D:\a\opencv-python\opencv-python\opencv\modules\imgproc\src\templmatch.cpp:1175: error: (-215:Assertion failed) _img.size().height <= _templ.size().height && _img.size().width <= _templ.size().width in function 'cv::matchTemplate'

2024-12-19 00:10:25,883 - INFO - Critical Error | OpenCV(4.9.0) D:\a\opencv-python\opencv-python\opencv\modules\imgproc\src\templmatch.cpp:1175: error: (-215:Assertion failed) _img.size().height <= _templ.size().height && _img.size().width <= _templ.size().width in function 'cv::matchTemplate'

2024-12-19 00:10:26,037 - INFO - Critical Error | OpenCV(4.9.0) D:\a\opencv-python\opencv-python\opencv\modules\imgproc\src\templmatch.cpp:1175: error: (-215:Assertion failed) _img.size().height <= _templ.size().height && _img.size().width <= _templ.size().width in function 'cv::matchTemplate'

2024-12-19 00:10:26,116 - INFO - Critical Error | OpenCV(4.9.0) D:\a\opencv-python\opencv-python\opencv\modules\imgproc\src\templmatch.cpp:1175: error: (-215:Assertion failed) _img.size().height <= _templ.size().height && _img.size().width <= _templ.size().width in function 'cv::matchTemplate'

2024-12-19 00:10:26,182 - INFO - Critical Error | OpenCV(4.9.0) D:\a\opencv-python\opencv-python\opencv\modules\imgproc\src\templmatch.cpp:1175: error: (-215:Assertion failed) _img.size().height <= _templ.size().height && _img.size().width <= _templ.size().width in function 'cv::matchTemplate'

2024-12-19 00:10:26,251 - INFO - Critical Error | OpenCV(4.9.0) D:\a\opencv-python\opencv-python\opencv\modules\imgproc\src\templmatch.cpp:1175: error: (-215:Assertion failed) _img.size().height <= _templ.size().height && _img.size().width <= _templ.size().width in function 'cv::matchTemplate'

2024-12-19 00:10:26,320 - INFO - Critical Error | OpenCV(4.9.0) D:\a\opencv-python\opencv-python\opencv\modules\imgproc\src\templmatch.cpp:1175: error: (-215:Assertion failed) _img.size().height <= _templ.size().height && _img.size().width <= _templ.size().width in function 'cv::matchTemplate'

2024-12-19 00:10:26,391 - INFO - Critical Error | OpenCV(4.9.0) D:\a\opencv-python\opencv-python\opencv\modules\imgproc\src\templmatch.cpp:1175: error: (-215:Assertion failed) _img.size().height <= _templ.size().height && _img.size().width <= _templ.size().width in function 'cv::matchTemplate'

2024-12-19 00:10:26,461 - INFO - Critical Error | OpenCV(4.9.0) D:\a\opencv-python\opencv-python\opencv\modules\imgproc\src\templmatch.cpp:1175: error: (-215:Assertion failed) _img.size().height <= _templ.size().height && _img.size().width <= _templ.size().width in function 'cv::matchTemplate'

2024-12-19 00:10:26,525 - INFO - Critical Error | OpenCV(4.9.0) D:\a\opencv-python\opencv-python\opencv\modules\imgproc\src\templmatch.cpp:1175: error: (-215:Assertion failed) _img.size().height <= _templ.size().height && _img.size().width <= _templ.size().width in function 'cv::matchTemplate'

2024-12-19 00:10:26,595 - INFO - Critical Error | OpenCV(4.9.0) D:\a\opencv-python\opencv-python\opencv\modules\imgproc\src\templmatch.cpp:1175: error: (-215:Assertion failed) _img.size().height <= _templ.size().height && _img.size().width <= _templ.size().width in function 'cv::matchTemplate'

2024-12-19 00:10:26,663 - INFO - Critical Error | OpenCV(4.9.0) D:\a\opencv-python\opencv-python\opencv\modules\imgproc\src\templmatch.cpp:1175: error: (-215:Assertion failed) _img.size().height <= _templ.size().height && _img.size().width <= _templ.size().width in function 'cv::matchTemplate'

2024-12-19 00:10:26,732 - INFO - Critical Error | OpenCV(4.9.0) D:\a\opencv-python\opencv-python\opencv\modules\imgproc\src\templmatch.cpp:1175: error: (-215:Assertion failed) _img.size().height <= _templ.size().height && _img.size().width <= _templ.size().width in function 'cv::matchTemplate'

2024-12-19 00:10:26,799 - INFO - Critical Error | OpenCV(4.9.0) D:\a\opencv-python\opencv-python\opencv\modules\imgproc\src\templmatch.cpp:1175: error: (-215:Assertion failed) _img.size().height <= _templ.size().height && _img.size().width <= _templ.size().width in function 'cv::matchTemplate'

2024-12-19 00:10:26,861 - INFO - Critical Error | OpenCV(4.9.0) D:\a\opencv-python\opencv-python\opencv\modules\imgproc\src\templmatch.cpp:1175: error: (-215:Assertion failed) _img.size().height <= _templ.size().height && _img.size().width <= _templ.size().width in function 'cv::matchTemplate'

2024-12-19 00:10:26,932 - INFO - Critical Error | OpenCV(4.9.0) D:\a\opencv-python\opencv-python\opencv\modules\imgproc\src\templmatch.cpp:1175: error: (-215:Assertion failed) _img.size().height <= _templ.size().height && _img.size().width <= _templ.size().width in function 'cv::matchTemplate'

2024-12-19 00:10:27,001 - INFO - Critical Error | OpenCV(4.9.0) D:\a\opencv-python\opencv-python\opencv\modules\imgproc\src\templmatch.cpp:1175: error: (-215:Assertion failed) _img.size().height <= _templ.size().height && _img.size().width <= _templ.size().width in function 'cv::matchTemplate'

2024-12-19 00:10:27,068 - INFO - Critical Error | OpenCV(4.9.0) D:\a\opencv-python\opencv-python\opencv\modules\imgproc\src\templmatch.cpp:1175: error: (-215:Assertion failed) _img.size().height <= _templ.size().height && _img.size().width <= _templ.size().width in function 'cv::matchTemplate'

2024-12-19 00:10:27,141 - INFO - Critical Error | OpenCV(4.9.0) D:\a\opencv-python\opencv-python\opencv\modules\imgproc\src\templmatch.cpp:1175: error: (-215:Assertion failed) _img.size().height <= _templ.size().height && _img.size().width <= _templ.size().width in function 'cv::matchTemplate'

2024-12-19 00:10:27,209 - INFO - Critical Error | OpenCV(4.9.0) D:\a\opencv-python\opencv-python\opencv\modules\imgproc\src\templmatch.cpp:1175: error: (-215:Assertion failed) _img.size().height <= _templ.size().height && _img.size().width <= _templ.size().width in function 'cv::matchTemplate'

2024-12-19 00:10:27,279 - INFO - Critical Error | OpenCV(4.9.0) D:\a\opencv-python\opencv-python\opencv\modules\imgproc\src\templmatch.cpp:1175: error: (-215:Assertion failed) _img.size().height <= _templ.size().height && _img.size().width <= _templ.size().width in function 'cv::matchTemplate'

2024-12-19 00:10:27,348 - INFO - Critical Error | OpenCV(4.9.0) D:\a\opencv-python\opencv-python\opencv\modules\imgproc\src\templmatch.cpp:1175: error: (-215:Assertion failed) _img.size().height <= _templ.size().height && _img.size().width <= _templ.size().width in function 'cv::matchTemplate'

2024-12-19 00:10:27,426 - INFO - Critical Error | OpenCV(4.9.0) D:\a\opencv-python\opencv-python\opencv\modules\imgproc\src\templmatch.cpp:1175: error: (-215:Assertion failed) _img.size().height <= _templ.size().height && _img.size().width <= _templ.size().width in function 'cv::matchTemplate'

2024-12-19 00:10:27,497 - INFO - Critical Error | OpenCV(4.9.0) D:\a\opencv-python\opencv-python\opencv\modules\imgproc\src\templmatch.cpp:1175: error: (-215:Assertion failed) _img.size().height <= _templ.size().height && _img.size().width <= _templ.size().width in function 'cv::matchTemplate'

2024-12-19 00:10:27,563 - INFO - Critical Error | OpenCV(4.9.0) D:\a\opencv-python\opencv-python\opencv\modules\imgproc\src\templmatch.cpp:1175: error: (-215:Assertion failed) _img.size().height <= _templ.size().height && _img.size().width <= _templ.size().width in function 'cv::matchTemplate'

2024-12-19 00:10:27,637 - INFO - Critical Error | OpenCV(4.9.0) D:\a\opencv-python\opencv-python\opencv\modules\imgproc\src\templmatch.cpp:1175: error: (-215:Assertion failed) _img.size().height <= _templ.size().height && _img.size().width <= _templ.size().width in function 'cv::matchTemplate'

2024-12-19 00:10:27,727 - INFO - Critical Error | OpenCV(4.9.0) D:\a\opencv-python\opencv-python\opencv\modules\imgproc\src\templmatch.cpp:1175: error: (-215:Assertion failed) _img.size().height <= _templ.size().height && _img.size().width <= _templ.size().width in function 'cv::matchTemplate'

2024-12-19 00:10:27,811 - INFO - Critical Error | OpenCV(4.9.0) D:\a\opencv-python\opencv-python\opencv\modules\imgproc\src\templmatch.cpp:1175: error: (-215:Assertion failed) _img.size().height <= _templ.size().height && _img.size().width <= _templ.size().width in function 'cv::matchTemplate'

2024-12-19 00:10:27,908 - INFO - Critical Error | OpenCV(4.9.0) D:\a\opencv-python\opencv-python\opencv\modules\imgproc\src\templmatch.cpp:1175: error: (-215:Assertion failed) _img.size().height <= _templ.size().height && _img.size().width <= _templ.size().width in function 'cv::matchTemplate'

2024-12-19 00:10:27,980 - INFO - Critical Error | OpenCV(4.9.0) D:\a\opencv-python\opencv-python\opencv\modules\imgproc\src\templmatch.cpp:1175: error: (-215:Assertion failed) _img.size().height <= _templ.size().height && _img.size().width <= _templ.size().width in function 'cv::matchTemplate'

2024-12-19 00:10:28,053 - INFO - Critical Error | OpenCV(4.9.0) D:\a\opencv-python\opencv-python\opencv\modules\imgproc\src\templmatch.cpp:1175: error: (-215:Assertion failed) _img.size().height <= _templ.size().height && _img.size().width <= _templ.size().width in function 'cv::matchTemplate'

2024-12-19 00:10:28,119 - INFO - Critical Error | OpenCV(4.9.0) D:\a\opencv-python\opencv-python\opencv\modules\imgproc\src\templmatch.cpp:1175: error: (-215:Assertion failed) _img.size().height <= _templ.size().height && _img.size().width <= _templ.size().width in function 'cv::matchTemplate'

2024-12-19 00:10:28,186 - INFO - Critical Error | OpenCV(4.9.0) D:\a\opencv-python\opencv-python\opencv\modules\imgproc\src\templmatch.cpp:1175: error: (-215:Assertion failed) _img.size().height <= _templ.size().height && _img.size().width <= _templ.size().width in function 'cv::matchTemplate'

2024-12-19 00:10:28,249 - INFO - Critical Error | OpenCV(4.9.0) D:\a\opencv-python\opencv-python\opencv\modules\imgproc\src\templmatch.cpp:1175: error: (-215:Assertion failed) _img.size().height <= _templ.size().height && _img.size().width <= _templ.size().width in function 'cv::matchTemplate'

2024-12-19 00:10:28,314 - INFO - Critical Error | OpenCV(4.9.0) D:\a\opencv-python\opencv-python\opencv\modules\imgproc\src\templmatch.cpp:1175: error: (-215:Assertion failed) _img.size().height <= _templ.size().height && _img.size().width <= _templ.size().width in function 'cv::matchTemplate'

2024-12-19 00:10:28,389 - INFO - Critical Error | OpenCV(4.9.0) D:\a\opencv-python\opencv-python\opencv\modules\imgproc\src\templmatch.cpp:1175: error: (-215:Assertion failed) _img.size().height <= _templ.size().height && _img.size().width <= _templ.size().width in function 'cv::matchTemplate'

2024-12-19 00:10:28,473 - INFO - Critical Error | OpenCV(4.9.0) D:\a\opencv-python\opencv-python\opencv\modules\imgproc\src\templmatch.cpp:1175: error: (-215:Assertion failed) _img.size().height <= _templ.size().height && _img.size().width <= _templ.size().width in function 'cv::matchTemplate'

2024-12-19 00:10:28,547 - INFO - Critical Error | OpenCV(4.9.0) D:\a\opencv-python\opencv-python\opencv\modules\imgproc\src\templmatch.cpp:1175: error: (-215:Assertion failed) _img.size().height <= _templ.size().height && _img.size().width <= _templ.size().width in function 'cv::matchTemplate'

2024-12-19 00:10:28,623 - INFO - Critical Error | OpenCV(4.9.0) D:\a\opencv-python\opencv-python\opencv\modules\imgproc\src\templmatch.cpp:1175: error: (-215:Assertion failed) _img.size().height <= _templ.size().height && _img.size().width <= _templ.size().width in function 'cv::matchTemplate'

2024-12-19 00:10:28,698 - INFO - Critical Error | OpenCV(4.9.0) D:\a\opencv-python\opencv-python\opencv\modules\imgproc\src\templmatch.cpp:1175: error: (-215:Assertion failed) _img.size().height <= _templ.size().height && _img.size().width <= _templ.size().width in function 'cv::matchTemplate'

2024-12-19 00:10:28,787 - INFO - Critical Error | OpenCV(4.9.0) D:\a\opencv-python\opencv-python\opencv\modules\imgproc\src\templmatch.cpp:1175: error: (-215:Assertion failed) _img.size().height <= _templ.size().height && _img.size().width <= _templ.size().width in function 'cv::matchTemplate'

2024-12-19 00:10:28,862 - INFO - Critical Error | OpenCV(4.9.0) D:\a\opencv-python\opencv-python\opencv\modules\imgproc\src\templmatch.cpp:1175: error: (-215:Assertion failed) _img.size().height <= _templ.size().height && _img.size().width <= _templ.size().width in function 'cv::matchTemplate'

2024-12-19 00:10:28,942 - INFO - Critical Error | OpenCV(4.9.0) D:\a\opencv-python\opencv-python\opencv\modules\imgproc\src\templmatch.cpp:1175: error: (-215:Assertion failed) _img.size().height <= _templ.size().height && _img.size().width <= _templ.size().width in function 'cv::matchTemplate'

2024-12-19 00:10:29,017 - INFO - Critical Error | OpenCV(4.9.0) D:\a\opencv-python\opencv-python\opencv\modules\imgproc\src\templmatch.cpp:1175: error: (-215:Assertion failed) _img.size().height <= _templ.size().height && _img.size().width <= _templ.size().width in function 'cv::matchTemplate'

2024-12-19 00:29:01,844 - INFO - Critical Error | OpenCV(4.9.0) D:\a\opencv-python\opencv-python\opencv\modules\imgproc\src\templmatch.cpp:1175: error: (-215:Assertion failed) _img.size().height <= _templ.size().height && _img.size().width <= _templ.size().width in function 'cv::matchTemplate'

2024-12-19 00:29:01,937 - INFO - Critical Error | OpenCV(4.9.0) D:\a\opencv-python\opencv-python\opencv\modules\imgproc\src\templmatch.cpp:1175: error: (-215:Assertion failed) _img.size().height <= _templ.size().height && _img.size().width <= _templ.size().width in function 'cv::matchTemplate'

2024-12-19 00:29:02,024 - INFO - Critical Error | OpenCV(4.9.0) D:\a\opencv-python\opencv-python\opencv\modules\imgproc\src\templmatch.cpp:1175: error: (-215:Assertion failed) _img.size().height <= _templ.size().height && _img.size().width <= _templ.size().width in function 'cv::matchTemplate'

2024-12-19 00:29:02,094 - INFO - Critical Error | OpenCV(4.9.0) D:\a\opencv-python\opencv-python\opencv\modules\imgproc\src\templmatch.cpp:1175: error: (-215:Assertion failed) _img.size().height <= _templ.size().height && _img.size().width <= _templ.size().width in function 'cv::matchTemplate'

2024-12-19 00:29:02,161 - INFO - Critical Error | OpenCV(4.9.0) D:\a\opencv-python\opencv-python\opencv\modules\imgproc\src\templmatch.cpp:1175: error: (-215:Assertion failed) _img.size().height <= _templ.size().height && _img.size().width <= _templ.size().width in function 'cv::matchTemplate'

2024-12-19 00:29:02,227 - INFO - Critical Error | OpenCV(4.9.0) D:\a\opencv-python\opencv-python\opencv\modules\imgproc\src\templmatch.cpp:1175: error: (-215:Assertion failed) _img.size().height <= _templ.size().height && _img.size().width <= _templ.size().width in function 'cv::matchTemplate'

2024-12-19 00:29:02,294 - INFO - Critical Error | OpenCV(4.9.0) D:\a\opencv-python\opencv-python\opencv\modules\imgproc\src\templmatch.cpp:1175: error: (-215:Assertion failed) _img.size().height <= _templ.size().height && _img.size().width <= _templ.size().width in function 'cv::matchTemplate'

2024-12-19 00:29:02,376 - INFO - Critical Error | OpenCV(4.9.0) D:\a\opencv-python\opencv-python\opencv\modules\imgproc\src\templmatch.cpp:1175: error: (-215:Assertion failed) _img.size().height <= _templ.size().height && _img.size().width <= _templ.size().width in function 'cv::matchTemplate'

2024-12-19 00:29:02,442 - INFO - Critical Error | OpenCV(4.9.0) D:\a\opencv-python\opencv-python\opencv\modules\imgproc\src\templmatch.cpp:1175: error: (-215:Assertion failed) _img.size().height <= _templ.size().height && _img.size().width <= _templ.size().width in function 'cv::matchTemplate'

2024-12-19 00:29:02,543 - INFO - Critical Error | OpenCV(4.9.0) D:\a\opencv-python\opencv-python\opencv\modules\imgproc\src\templmatch.cpp:1175: error: (-215:Assertion failed) _img.size().height <= _templ.size().height && _img.size().width <= _templ.size().width in function 'cv::matchTemplate'

2024-12-19 00:29:02,608 - INFO - Critical Error | OpenCV(4.9.0) D:\a\opencv-python\opencv-python\opencv\modules\imgproc\src\templmatch.cpp:1175: error: (-215:Assertion failed) _img.size().height <= _templ.size().height && _img.size().width <= _templ.size().width in function 'cv::matchTemplate'

2024-12-19 00:29:02,677 - INFO - Critical Error | OpenCV(4.9.0) D:\a\opencv-python\opencv-python\opencv\modules\imgproc\src\templmatch.cpp:1175: error: (-215:Assertion failed) _img.size().height <= _templ.size().height && _img.size().width <= _templ.size().width in function 'cv::matchTemplate'

2024-12-19 00:29:02,746 - INFO - Critical Error | OpenCV(4.9.0) D:\a\opencv-python\opencv-python\opencv\modules\imgproc\src\templmatch.cpp:1175: error: (-215:Assertion failed) _img.size().height <= _templ.size().height && _img.size().width <= _templ.size().width in function 'cv::matchTemplate'

2024-12-19 00:29:02,828 - INFO - Critical Error | OpenCV(4.9.0) D:\a\opencv-python\opencv-python\opencv\modules\imgproc\src\templmatch.cpp:1175: error: (-215:Assertion failed) _img.size().height <= _templ.size().height && _img.size().width <= _templ.size().width in function 'cv::matchTemplate'

2024-12-19 00:29:02,890 - INFO - Critical Error | OpenCV(4.9.0) D:\a\opencv-python\opencv-python\opencv\modules\imgproc\src\templmatch.cpp:1175: error: (-215:Assertion failed) _img.size().height <= _templ.size().height && _img.size().width <= _templ.size().width in function 'cv::matchTemplate'

2024-12-19 00:29:02,961 - INFO - Critical Error | OpenCV(4.9.0) D:\a\opencv-python\opencv-python\opencv\modules\imgproc\src\templmatch.cpp:1175: error: (-215:Assertion failed) _img.size().height <= _templ.size().height && _img.size().width <= _templ.size().width in function 'cv::matchTemplate'

2024-12-19 00:29:03,026 - INFO - Critical Error | OpenCV(4.9.0) D:\a\opencv-python\opencv-python\opencv\modules\imgproc\src\templmatch.cpp:1175: error: (-215:Assertion failed) _img.size().height <= _templ.size().height && _img.size().width <= _templ.size().width in function 'cv::matchTemplate'

2024-12-19 00:29:03,095 - INFO - Critical Error | OpenCV(4.9.0) D:\a\opencv-python\opencv-python\opencv\modules\imgproc\src\templmatch.cpp:1175: error: (-215:Assertion failed) _img.size().height <= _templ.size().height && _img.size().width <= _templ.size().width in function 'cv::matchTemplate'

2024-12-19 00:29:03,173 - INFO - Critical Error | OpenCV(4.9.0) D:\a\opencv-python\opencv-python\opencv\modules\imgproc\src\templmatch.cpp:1175: error: (-215:Assertion failed) _img.size().height <= _templ.size().height && _img.size().width <= _templ.size().width in function 'cv::matchTemplate'

2024-12-19 00:29:03,243 - INFO - Critical Error | OpenCV(4.9.0) D:\a\opencv-python\opencv-python\opencv\modules\imgproc\src\templmatch.cpp:1175: error: (-215:Assertion failed) _img.size().height <= _templ.size().height && _img.size().width <= _templ.size().width in function 'cv::matchTemplate'

2024-12-19 00:29:03,309 - INFO - Critical Error | OpenCV(4.9.0) D:\a\opencv-python\opencv-python\opencv\modules\imgproc\src\templmatch.cpp:1175: error: (-215:Assertion failed) _img.size().height <= _templ.size().height && _img.size().width <= _templ.size().width in function 'cv::matchTemplate'

2024-12-19 00:29:03,378 - INFO - Critical Error | OpenCV(4.9.0) D:\a\opencv-python\opencv-python\opencv\modules\imgproc\src\templmatch.cpp:1175: error: (-215:Assertion failed) _img.size().height <= _templ.size().height && _img.size().width <= _templ.size().width in function 'cv::matchTemplate'

2024-12-19 00:29:03,440 - INFO - Critical Error | OpenCV(4.9.0) D:\a\opencv-python\opencv-python\opencv\modules\imgproc\src\templmatch.cpp:1175: error: (-215:Assertion failed) _img.size().height <= _templ.size().height && _img.size().width <= _templ.size().width in function 'cv::matchTemplate'

2024-12-19 00:29:03,511 - INFO - Critical Error | OpenCV(4.9.0) D:\a\opencv-python\opencv-python\opencv\modules\imgproc\src\templmatch.cpp:1175: error: (-215:Assertion failed) _img.size().height <= _templ.size().height && _img.size().width <= _templ.size().width in function 'cv::matchTemplate'

2024-12-19 00:29:03,578 - INFO - Critical Error | OpenCV(4.9.0) D:\a\opencv-python\opencv-python\opencv\modules\imgproc\src\templmatch.cpp:1175: error: (-215:Assertion failed) _img.size().height <= _templ.size().height && _img.size().width <= _templ.size().width in function 'cv::matchTemplate'

2024-12-19 00:29:03,650 - INFO - Critical Error | OpenCV(4.9.0) D:\a\opencv-python\opencv-python\opencv\modules\imgproc\src\templmatch.cpp:1175: error: (-215:Assertion failed) _img.size().height <= _templ.size().height && _img.size().width <= _templ.size().width in function 'cv::matchTemplate'

2024-12-19 00:29:03,729 - INFO - Critical Error | OpenCV(4.9.0) D:\a\opencv-python\opencv-python\opencv\modules\imgproc\src\templmatch.cpp:1175: error: (-215:Assertion failed) _img.size().height <= _templ.size().height && _img.size().width <= _templ.size().width in function 'cv::matchTemplate'

2024-12-19 00:29:03,811 - INFO - Critical Error | OpenCV(4.9.0) D:\a\opencv-python\opencv-python\opencv\modules\imgproc\src\templmatch.cpp:1175: error: (-215:Assertion failed) _img.size().height <= _templ.size().height && _img.size().width <= _templ.size().width in function 'cv::matchTemplate'

2024-12-19 00:29:03,892 - INFO - Critical Error | OpenCV(4.9.0) D:\a\opencv-python\opencv-python\opencv\modules\imgproc\src\templmatch.cpp:1175: error: (-215:Assertion failed) _img.size().height <= _templ.size().height && _img.size().width <= _templ.size().width in function 'cv::matchTemplate'

2024-12-19 00:29:03,959 - INFO - Critical Error | OpenCV(4.9.0) D:\a\opencv-python\opencv-python\opencv\modules\imgproc\src\templmatch.cpp:1175: error: (-215:Assertion failed) _img.size().height <= _templ.size().height && _img.size().width <= _templ.size().width in function 'cv::matchTemplate'

2024-12-19 00:29:04,028 - INFO - Critical Error | OpenCV(4.9.0) D:\a\opencv-python\opencv-python\opencv\modules\imgproc\src\templmatch.cpp:1175: error: (-215:Assertion failed) _img.size().height <= _templ.size().height && _img.size().width <= _templ.size().width in function 'cv::matchTemplate'

2024-12-19 00:29:04,094 - INFO - Critical Error | OpenCV(4.9.0) D:\a\opencv-python\opencv-python\opencv\modules\imgproc\src\templmatch.cpp:1175: error: (-215:Assertion failed) _img.size().height <= _templ.size().height && _img.size().width <= _templ.size().width in function 'cv::matchTemplate'

2024-12-19 00:29:04,163 - INFO - Critical Error | OpenCV(4.9.0) D:\a\opencv-python\opencv-python\opencv\modules\imgproc\src\templmatch.cpp:1175: error: (-215:Assertion failed) _img.size().height <= _templ.size().height && _img.size().width <= _templ.size().width in function 'cv::matchTemplate'

2024-12-19 00:29:04,243 - INFO - Critical Error | OpenCV(4.9.0) D:\a\opencv-python\opencv-python\opencv\modules\imgproc\src\templmatch.cpp:1175: error: (-215:Assertion failed) _img.size().height <= _templ.size().height && _img.size().width <= _templ.size().width in function 'cv::matchTemplate'

2024-12-19 00:29:04,311 - INFO - Critical Error | OpenCV(4.9.0) D:\a\opencv-python\opencv-python\opencv\modules\imgproc\src\templmatch.cpp:1175: error: (-215:Assertion failed) _img.size().height <= _templ.size().height && _img.size().width <= _templ.size().width in function 'cv::matchTemplate'

2024-12-19 00:29:04,437 - INFO - Critical Error | OpenCV(4.9.0) D:\a\opencv-python\opencv-python\opencv\modules\imgproc\src\templmatch.cpp:1175: error: (-215:Assertion failed) _img.size().height <= _templ.size().height && _img.size().width <= _templ.size().width in function 'cv::matchTemplate'

2024-12-19 00:29:04,514 - INFO - Critical Error | OpenCV(4.9.0) D:\a\opencv-python\opencv-python\opencv\modules\imgproc\src\templmatch.cpp:1175: error: (-215:Assertion failed) _img.size().height <= _templ.size().height && _img.size().width <= _templ.size().width in function 'cv::matchTemplate'

2024-12-19 00:30:37,355 - INFO - Critical Error | OpenCV(4.9.0) D:\a\opencv-python\opencv-python\opencv\modules\imgproc\src\templmatch.cpp:1175: error: (-215:Assertion failed) _img.size().height <= _templ.size().height && _img.size().width <= _templ.size().width in function 'cv::matchTemplate'

2024-12-19 00:30:37,420 - INFO - Critical Error | OpenCV(4.9.0) D:\a\opencv-python\opencv-python\opencv\modules\imgproc\src\templmatch.cpp:1175: error: (-215:Assertion failed) _img.size().height <= _templ.size().height && _img.size().width <= _templ.size().width in function 'cv::matchTemplate'

2024-12-19 00:30:37,504 - INFO - Critical Error | OpenCV(4.9.0) D:\a\opencv-python\opencv-python\opencv\modules\imgproc\src\templmatch.cpp:1175: error: (-215:Assertion failed) _img.size().height <= _templ.size().height && _img.size().width <= _templ.size().width in function 'cv::matchTemplate'

2024-12-19 00:30:37,579 - INFO - Critical Error | OpenCV(4.9.0) D:\a\opencv-python\opencv-python\opencv\modules\imgproc\src\templmatch.cpp:1175: error: (-215:Assertion failed) _img.size().height <= _templ.size().height && _img.size().width <= _templ.size().width in function 'cv::matchTemplate'

2024-12-19 00:30:37,663 - INFO - Critical Error | OpenCV(4.9.0) D:\a\opencv-python\opencv-python\opencv\modules\imgproc\src\templmatch.cpp:1175: error: (-215:Assertion failed) _img.size().height <= _templ.size().height && _img.size().width <= _templ.size().width in function 'cv::matchTemplate'

2024-12-19 00:30:37,744 - INFO - Critical Error | OpenCV(4.9.0) D:\a\opencv-python\opencv-python\opencv\modules\imgproc\src\templmatch.cpp:1175: error: (-215:Assertion failed) _img.size().height <= _templ.size().height && _img.size().width <= _templ.size().width in function 'cv::matchTemplate'

2024-12-19 00:30:37,807 - INFO - Critical Error | OpenCV(4.9.0) D:\a\opencv-python\opencv-python\opencv\modules\imgproc\src\templmatch.cpp:1175: error: (-215:Assertion failed) _img.size().height <= _templ.size().height && _img.size().width <= _templ.size().width in function 'cv::matchTemplate'

2024-12-19 00:30:37,878 - INFO - Critical Error | OpenCV(4.9.0) D:\a\opencv-python\opencv-python\opencv\modules\imgproc\src\templmatch.cpp:1175: error: (-215:Assertion failed) _img.size().height <= _templ.size().height && _img.size().width <= _templ.size().width in function 'cv::matchTemplate'

2024-12-19 00:30:37,964 - INFO - Critical Error | OpenCV(4.9.0) D:\a\opencv-python\opencv-python\opencv\modules\imgproc\src\templmatch.cpp:1175: error: (-215:Assertion failed) _img.size().height <= _templ.size().height && _img.size().width <= _templ.size().width in function 'cv::matchTemplate'

2024-12-19 00:30:38,042 - INFO - Critical Error | OpenCV(4.9.0) D:\a\opencv-python\opencv-python\opencv\modules\imgproc\src\templmatch.cpp:1175: error: (-215:Assertion failed) _img.size().height <= _templ.size().height && _img.size().width <= _templ.size().width in function 'cv::matchTemplate'

2024-12-19 00:30:38,108 - INFO - Critical Error | OpenCV(4.9.0) D:\a\opencv-python\opencv-python\opencv\modules\imgproc\src\templmatch.cpp:1175: error: (-215:Assertion failed) _img.size().height <= _templ.size().height && _img.size().width <= _templ.size().width in function 'cv::matchTemplate'

2024-12-19 00:30:38,179 - INFO - Critical Error | OpenCV(4.9.0) D:\a\opencv-python\opencv-python\opencv\modules\imgproc\src\templmatch.cpp:1175: error: (-215:Assertion failed) _img.size().height <= _templ.size().height && _img.size().width <= _templ.size().width in function 'cv::matchTemplate'

2024-12-19 00:30:38,261 - INFO - Critical Error | OpenCV(4.9.0) D:\a\opencv-python\opencv-python\opencv\modules\imgproc\src\templmatch.cpp:1175: error: (-215:Assertion failed) _img.size().height <= _templ.size().height && _img.size().width <= _templ.size().width in function 'cv::matchTemplate'

2024-12-19 00:30:38,325 - INFO - Critical Error | OpenCV(4.9.0) D:\a\opencv-python\opencv-python\opencv\modules\imgproc\src\templmatch.cpp:1175: error: (-215:Assertion failed) _img.size().height <= _templ.size().height && _img.size().width <= _templ.size().width in function 'cv::matchTemplate'

2024-12-19 00:30:38,393 - INFO - Critical Error | OpenCV(4.9.0) D:\a\opencv-python\opencv-python\opencv\modules\imgproc\src\templmatch.cpp:1175: error: (-215:Assertion failed) _img.size().height <= _templ.size().height && _img.size().width <= _templ.size().width in function 'cv::matchTemplate'

2024-12-19 00:30:38,465 - INFO - Critical Error | OpenCV(4.9.0) D:\a\opencv-python\opencv-python\opencv\modules\imgproc\src\templmatch.cpp:1175: error: (-215:Assertion failed) _img.size().height <= _templ.size().height && _img.size().width <= _templ.size().width in function 'cv::matchTemplate'

2024-12-19 00:30:38,554 - INFO - Critical Error | OpenCV(4.9.0) D:\a\opencv-python\opencv-python\opencv\modules\imgproc\src\templmatch.cpp:1175: error: (-215:Assertion failed) _img.size().height <= _templ.size().height && _img.size().width <= _templ.size().width in function 'cv::matchTemplate'

2024-12-19 00:30:38,636 - INFO - Critical Error | OpenCV(4.9.0) D:\a\opencv-python\opencv-python\opencv\modules\imgproc\src\templmatch.cpp:1175: error: (-215:Assertion failed) _img.size().height <= _templ.size().height && _img.size().width <= _templ.size().width in function 'cv::matchTemplate'

2024-12-19 00:30:38,712 - INFO - Critical Error | OpenCV(4.9.0) D:\a\opencv-python\opencv-python\opencv\modules\imgproc\src\templmatch.cpp:1175: error: (-215:Assertion failed) _img.size().height <= _templ.size().height && _img.size().width <= _templ.size().width in function 'cv::matchTemplate'

2024-12-19 00:30:38,775 - INFO - Critical Error | OpenCV(4.9.0) D:\a\opencv-python\opencv-python\opencv\modules\imgproc\src\templmatch.cpp:1175: error: (-215:Assertion failed) _img.size().height <= _templ.size().height && _img.size().width <= _templ.size().width in function 'cv::matchTemplate'

2024-12-19 00:30:38,848 - INFO - Critical Error | OpenCV(4.9.0) D:\a\opencv-python\opencv-python\opencv\modules\imgproc\src\templmatch.cpp:1175: error: (-215:Assertion failed) _img.size().height <= _templ.size().height && _img.size().width <= _templ.size().width in function 'cv::matchTemplate'

2024-12-19 00:30:38,911 - INFO - Critical Error | OpenCV(4.9.0) D:\a\opencv-python\opencv-python\opencv\modules\imgproc\src\templmatch.cpp:1175: error: (-215:Assertion failed) _img.size().height <= _templ.size().height && _img.size().width <= _templ.size().width in function 'cv::matchTemplate'

2024-12-19 00:30:38,979 - INFO - Critical Error | OpenCV(4.9.0) D:\a\opencv-python\opencv-python\opencv\modules\imgproc\src\templmatch.cpp:1175: error: (-215:Assertion failed) _img.size().height <= _templ.size().height && _img.size().width <= _templ.size().width in function 'cv::matchTemplate'

2024-12-19 00:30:39,047 - INFO - Critical Error | OpenCV(4.9.0) D:\a\opencv-python\opencv-python\opencv\modules\imgproc\src\templmatch.cpp:1175: error: (-215:Assertion failed) _img.size().height <= _templ.size().height && _img.size().width <= _templ.size().width in function 'cv::matchTemplate'

2024-12-19 00:30:39,114 - INFO - Critical Error | OpenCV(4.9.0) D:\a\opencv-python\opencv-python\opencv\modules\imgproc\src\templmatch.cpp:1175: error: (-215:Assertion failed) _img.size().height <= _templ.size().height && _img.size().width <= _templ.size().width in function 'cv::matchTemplate'

2024-12-19 00:30:39,180 - INFO - Critical Error | OpenCV(4.9.0) D:\a\opencv-python\opencv-python\opencv\modules\imgproc\src\templmatch.cpp:1175: error: (-215:Assertion failed) _img.size().height <= _templ.size().height && _img.size().width <= _templ.size().width in function 'cv::matchTemplate'

2024-12-19 00:30:39,244 - INFO - Critical Error | OpenCV(4.9.0) D:\a\opencv-python\opencv-python\opencv\modules\imgproc\src\templmatch.cpp:1175: error: (-215:Assertion failed) _img.size().height <= _templ.size().height && _img.size().width <= _templ.size().width in function 'cv::matchTemplate'

2024-12-19 00:30:39,333 - INFO - Critical Error | OpenCV(4.9.0) D:\a\opencv-python\opencv-python\opencv\modules\imgproc\src\templmatch.cpp:1175: error: (-215:Assertion failed) _img.size().height <= _templ.size().height && _img.size().width <= _templ.size().width in function 'cv::matchTemplate'

2024-12-19 00:30:39,424 - INFO - Critical Error | OpenCV(4.9.0) D:\a\opencv-python\opencv-python\opencv\modules\imgproc\src\templmatch.cpp:1175: error: (-215:Assertion failed) _img.size().height <= _templ.size().height && _img.size().width <= _templ.size().width in function 'cv::matchTemplate'

2024-12-19 00:30:39,510 - INFO - Critical Error | OpenCV(4.9.0) D:\a\opencv-python\opencv-python\opencv\modules\imgproc\src\templmatch.cpp:1175: error: (-215:Assertion failed) _img.size().height <= _templ.size().height && _img.size().width <= _templ.size().width in function 'cv::matchTemplate'

2024-12-19 00:30:39,582 - INFO - Critical Error | OpenCV(4.9.0) D:\a\opencv-python\opencv-python\opencv\modules\imgproc\src\templmatch.cpp:1175: error: (-215:Assertion failed) _img.size().height <= _templ.size().height && _img.size().width <= _templ.size().width in function 'cv::matchTemplate'

2024-12-19 00:30:39,657 - INFO - Critical Error | OpenCV(4.9.0) D:\a\opencv-python\opencv-python\opencv\modules\imgproc\src\templmatch.cpp:1175: error: (-215:Assertion failed) _img.size().height <= _templ.size().height && _img.size().width <= _templ.size().width in function 'cv::matchTemplate'

2024-12-19 00:30:39,726 - INFO - Critical Error | OpenCV(4.9.0) D:\a\opencv-python\opencv-python\opencv\modules\imgproc\src\templmatch.cpp:1175: error: (-215:Assertion failed) _img.size().height <= _templ.size().height && _img.size().width <= _templ.size().width in function 'cv::matchTemplate'

2024-12-19 00:30:39,794 - INFO - Critical Error | OpenCV(4.9.0) D:\a\opencv-python\opencv-python\opencv\modules\imgproc\src\templmatch.cpp:1175: error: (-215:Assertion failed) _img.size().height <= _templ.size().height && _img.size().width <= _templ.size().width in function 'cv::matchTemplate'

2024-12-19 00:30:39,865 - INFO - Critical Error | OpenCV(4.9.0) D:\a\opencv-python\opencv-python\opencv\modules\imgproc\src\templmatch.cpp:1175: error: (-215:Assertion failed) _img.size().height <= _templ.size().height && _img.size().width <= _templ.size().width in function 'cv::matchTemplate'

2024-12-19 00:30:39,934 - INFO - Critical Error | OpenCV(4.9.0) D:\a\opencv-python\opencv-python\opencv\modules\imgproc\src\templmatch.cpp:1175: error: (-215:Assertion failed) _img.size().height <= _templ.size().height && _img.size().width <= _templ.size().width in function 'cv::matchTemplate'

2024-12-19 00:30:40,013 - INFO - Critical Error | OpenCV(4.9.0) D:\a\opencv-python\opencv-python\opencv\modules\imgproc\src\templmatch.cpp:1175: error: (-215:Assertion failed) _img.size().height <= _templ.size().height && _img.size().width <= _templ.size().width in function 'cv::matchTemplate'

2024-12-19 00:30:40,078 - INFO - Critical Error | OpenCV(4.9.0) D:\a\opencv-python\opencv-python\opencv\modules\imgproc\src\templmatch.cpp:1175: error: (-215:Assertion failed) _img.size().height <= _templ.size().height && _img.size().width <= _templ.size().width in function 'cv::matchTemplate'

2024-12-19 00:30:40,145 - INFO - Critical Error | OpenCV(4.9.0) D:\a\opencv-python\opencv-python\opencv\modules\imgproc\src\templmatch.cpp:1175: error: (-215:Assertion failed) _img.size().height <= _templ.size().height && _img.size().width <= _templ.size().width in function 'cv::matchTemplate'

2024-12-19 00:30:40,212 - INFO - Critical Error | OpenCV(4.9.0) D:\a\opencv-python\opencv-python\opencv\modules\imgproc\src\templmatch.cpp:1175: error: (-215:Assertion failed) _img.size().height <= _templ.size().height && _img.size().width <= _templ.size().width in function 'cv::matchTemplate'

2024-12-19 00:30:40,279 - INFO - Critical Error | OpenCV(4.9.0) D:\a\opencv-python\opencv-python\opencv\modules\imgproc\src\templmatch.cpp:1175: error: (-215:Assertion failed) _img.size().height <= _templ.size().height && _img.size().width <= _templ.size().width in function 'cv::matchTemplate'

2024-12-19 00:30:40,357 - INFO - Critical Error | OpenCV(4.9.0) D:\a\opencv-python\opencv-python\opencv\modules\imgproc\src\templmatch.cpp:1175: error: (-215:Assertion failed) _img.size().height <= _templ.size().height && _img.size().width <= _templ.size().width in function 'cv::matchTemplate'

2024-12-19 00:30:40,433 - INFO - Critical Error | OpenCV(4.9.0) D:\a\opencv-python\opencv-python\opencv\modules\imgproc\src\templmatch.cpp:1175: error: (-215:Assertion failed) _img.size().height <= _templ.size().height && _img.size().width <= _templ.size().width in function 'cv::matchTemplate'

2024-12-19 00:30:40,515 - INFO - Critical Error | OpenCV(4.9.0) D:\a\opencv-python\opencv-python\opencv\modules\imgproc\src\templmatch.cpp:1175: error: (-215:Assertion failed) _img.size().height <= _templ.size().height && _img.size().width <= _templ.size().width in function 'cv::matchTemplate'

2024-12-19 00:30:40,596 - INFO - Critical Error | OpenCV(4.9.0) D:\a\opencv-python\opencv-python\opencv\modules\imgproc\src\templmatch.cpp:1175: error: (-215:Assertion failed) _img.size().height <= _templ.size().height && _img.size().width <= _templ.size().width in function 'cv::matchTemplate'

2024-12-19 00:30:40,692 - INFO - Critical Error | OpenCV(4.9.0) D:\a\opencv-python\opencv-python\opencv\modules\imgproc\src\templmatch.cpp:1175: error: (-215:Assertion failed) _img.size().height <= _templ.size().height && _img.size().width <= _templ.size().width in function 'cv::matchTemplate'

2024-12-19 00:30:40,763 - INFO - Critical Error | OpenCV(4.9.0) D:\a\opencv-python\opencv-python\opencv\modules\imgproc\src\templmatch.cpp:1175: error: (-215:Assertion failed) _img.size().height <= _templ.size().height && _img.size().width <= _templ.size().width in function 'cv::matchTemplate'

2024-12-19 00:30:40,828 - INFO - Critical Error | OpenCV(4.9.0) D:\a\opencv-python\opencv-python\opencv\modules\imgproc\src\templmatch.cpp:1175: error: (-215:Assertion failed) _img.size().height <= _templ.size().height && _img.size().width <= _templ.size().width in function 'cv::matchTemplate'

2024-12-19 00:30:40,894 - INFO - Critical Error | OpenCV(4.9.0) D:\a\opencv-python\opencv-python\opencv\modules\imgproc\src\templmatch.cpp:1175: error: (-215:Assertion failed) _img.size().height <= _templ.size().height && _img.size().width <= _templ.size().width in function 'cv::matchTemplate'

2024-12-19 00:30:40,962 - INFO - Critical Error | OpenCV(4.9.0) D:\a\opencv-python\opencv-python\opencv\modules\imgproc\src\templmatch.cpp:1175: error: (-215:Assertion failed) _img.size().height <= _templ.size().height && _img.size().width <= _templ.size().width in function 'cv::matchTemplate'

2024-12-19 00:30:41,032 - INFO - Critical Error | OpenCV(4.9.0) D:\a\opencv-python\opencv-python\opencv\modules\imgproc\src\templmatch.cpp:1175: error: (-215:Assertion failed) _img.size().height <= _templ.size().height && _img.size().width <= _templ.size().width in function 'cv::matchTemplate'

2024-12-19 00:30:41,120 - INFO - Critical Error | OpenCV(4.9.0) D:\a\opencv-python\opencv-python\opencv\modules\imgproc\src\templmatch.cpp:1175: error: (-215:Assertion failed) _img.size().height <= _templ.size().height && _img.size().width <= _templ.size().width in function 'cv::matchTemplate'

2024-12-19 00:30:41,203 - INFO - Critical Error | OpenCV(4.9.0) D:\a\opencv-python\opencv-python\opencv\modules\imgproc\src\templmatch.cpp:1175: error: (-215:Assertion failed) _img.size().height <= _templ.size().height && _img.size().width <= _templ.size().width in function 'cv::matchTemplate'

2024-12-19 00:30:41,288 - INFO - Critical Error | OpenCV(4.9.0) D:\a\opencv-python\opencv-python\opencv\modules\imgproc\src\templmatch.cpp:1175: error: (-215:Assertion failed) _img.size().height <= _templ.size().height && _img.size().width <= _templ.size().width in function 'cv::matchTemplate'

2024-12-19 00:30:41,369 - INFO - Critical Error | OpenCV(4.9.0) D:\a\opencv-python\opencv-python\opencv\modules\imgproc\src\templmatch.cpp:1175: error: (-215:Assertion failed) _img.size().height <= _templ.size().height && _img.size().width <= _templ.size().width in function 'cv::matchTemplate'

2024-12-19 00:30:41,452 - INFO - Critical Error | OpenCV(4.9.0) D:\a\opencv-python\opencv-python\opencv\modules\imgproc\src\templmatch.cpp:1175: error: (-215:Assertion failed) _img.size().height <= _templ.size().height && _img.size().width <= _templ.size().width in function 'cv::matchTemplate'

2024-12-19 00:30:41,530 - INFO - Critical Error | OpenCV(4.9.0) D:\a\opencv-python\opencv-python\opencv\modules\imgproc\src\templmatch.cpp:1175: error: (-215:Assertion failed) _img.size().height <= _templ.size().height && _img.size().width <= _templ.size().width in function 'cv::matchTemplate'

2024-12-19 00:30:41,614 - INFO - Critical Error | OpenCV(4.9.0) D:\a\opencv-python\opencv-python\opencv\modules\imgproc\src\templmatch.cpp:1175: error: (-215:Assertion failed) _img.size().height <= _templ.size().height && _img.size().width <= _templ.size().width in function 'cv::matchTemplate'

2024-12-19 00:30:41,743 - INFO - Critical Error | OpenCV(4.9.0) D:\a\opencv-python\opencv-python\opencv\modules\imgproc\src\templmatch.cpp:1175: error: (-215:Assertion failed) _img.size().height <= _templ.size().height && _img.size().width <= _templ.size().width in function 'cv::matchTemplate'

2024-12-19 00:30:41,850 - INFO - Critical Error | OpenCV(4.9.0) D:\a\opencv-python\opencv-python\opencv\modules\imgproc\src\templmatch.cpp:1175: error: (-215:Assertion failed) _img.size().height <= _templ.size().height && _img.size().width <= _templ.size().width in function 'cv::matchTemplate'

2024-12-19 00:30:41,933 - INFO - Critical Error | OpenCV(4.9.0) D:\a\opencv-python\opencv-python\opencv\modules\imgproc\src\templmatch.cpp:1175: error: (-215:Assertion failed) _img.size().height <= _templ.size().height && _img.size().width <= _templ.size().width in function 'cv::matchTemplate'

2024-12-19 00:30:42,034 - INFO - Critical Error | OpenCV(4.9.0) D:\a\opencv-python\opencv-python\opencv\modules\imgproc\src\templmatch.cpp:1175: error: (-215:Assertion failed) _img.size().height <= _templ.size().height && _img.size().width <= _templ.size().width in function 'cv::matchTemplate'

2024-12-19 00:30:42,144 - INFO - Critical Error | OpenCV(4.9.0) D:\a\opencv-python\opencv-python\opencv\modules\imgproc\src\templmatch.cpp:1175: error: (-215:Assertion failed) _img.size().height <= _templ.size().height && _img.size().width <= _templ.size().width in function 'cv::matchTemplate'

2024-12-19 00:30:42,238 - INFO - Critical Error | OpenCV(4.9.0) D:\a\opencv-python\opencv-python\opencv\modules\imgproc\src\templmatch.cpp:1175: error: (-215:Assertion failed) _img.size().height <= _templ.size().height && _img.size().width <= _templ.size().width in function 'cv::matchTemplate'

2024-12-19 00:30:42,337 - INFO - Critical Error | OpenCV(4.9.0) D:\a\opencv-python\opencv-python\opencv\modules\imgproc\src\templmatch.cpp:1175: error: (-215:Assertion failed) _img.size().height <= _templ.size().height && _img.size().width <= _templ.size().width in function 'cv::matchTemplate'

2024-12-19 00:30:42,433 - INFO - Critical Error | OpenCV(4.9.0) D:\a\opencv-python\opencv-python\opencv\modules\imgproc\src\templmatch.cpp:1175: error: (-215:Assertion failed) _img.size().height <= _templ.size().height && _img.size().width <= _templ.size().width in function 'cv::matchTemplate'

2024-12-19 00:30:42,538 - INFO - Critical Error | OpenCV(4.9.0) D:\a\opencv-python\opencv-python\opencv\modules\imgproc\src\templmatch.cpp:1175: error: (-215:Assertion failed) _img.size().height <= _templ.size().height && _img.size().width <= _templ.size().width in function 'cv::matchTemplate'

2024-12-19 00:30:42,638 - INFO - Critical Error | OpenCV(4.9.0) D:\a\opencv-python\opencv-python\opencv\modules\imgproc\src\templmatch.cpp:1175: error: (-215:Assertion failed) _img.size().height <= _templ.size().height && _img.size().width <= _templ.size().width in function 'cv::matchTemplate'

2024-12-19 00:30:42,736 - INFO - Critical Error | OpenCV(4.9.0) D:\a\opencv-python\opencv-python\opencv\modules\imgproc\src\templmatch.cpp:1175: error: (-215:Assertion failed) _img.size().height <= _templ.size().height && _img.size().width <= _templ.size().width in function 'cv::matchTemplate'

2024-12-19 00:30:42,840 - INFO - Critical Error | OpenCV(4.9.0) D:\a\opencv-python\opencv-python\opencv\modules\imgproc\src\templmatch.cpp:1175: error: (-215:Assertion failed) _img.size().height <= _templ.size().height && _img.size().width <= _templ.size().width in function 'cv::matchTemplate'

2024-12-19 00:30:42,939 - INFO - Critical Error | OpenCV(4.9.0) D:\a\opencv-python\opencv-python\opencv\modules\imgproc\src\templmatch.cpp:1175: error: (-215:Assertion failed) _img.size().height <= _templ.size().height && _img.size().width <= _templ.size().width in function 'cv::matchTemplate'

2024-12-19 00:30:43,036 - INFO - Critical Error | OpenCV(4.9.0) D:\a\opencv-python\opencv-python\opencv\modules\imgproc\src\templmatch.cpp:1175: error: (-215:Assertion failed) _img.size().height <= _templ.size().height && _img.size().width <= _templ.size().width in function 'cv::matchTemplate'

2024-12-19 00:30:43,138 - INFO - Critical Error | OpenCV(4.9.0) D:\a\opencv-python\opencv-python\opencv\modules\imgproc\src\templmatch.cpp:1175: error: (-215:Assertion failed) _img.size().height <= _templ.size().height && _img.size().width <= _templ.size().width in function 'cv::matchTemplate'

2024-12-19 00:30:43,238 - INFO - Critical Error | OpenCV(4.9.0) D:\a\opencv-python\opencv-python\opencv\modules\imgproc\src\templmatch.cpp:1175: error: (-215:Assertion failed) _img.size().height <= _templ.size().height && _img.size().width <= _templ.size().width in function 'cv::matchTemplate'

2024-12-19 00:30:43,342 - INFO - Critical Error | OpenCV(4.9.0) D:\a\opencv-python\opencv-python\opencv\modules\imgproc\src\templmatch.cpp:1175: error: (-215:Assertion failed) _img.size().height <= _templ.size().height && _img.size().width <= _templ.size().width in function 'cv::matchTemplate'

2024-12-19 00:30:43,437 - INFO - Critical Error | OpenCV(4.9.0) D:\a\opencv-python\opencv-python\opencv\modules\imgproc\src\templmatch.cpp:1175: error: (-215:Assertion failed) _img.size().height <= _templ.size().height && _img.size().width <= _templ.size().width in function 'cv::matchTemplate'

2024-12-19 00:30:43,536 - INFO - Critical Error | OpenCV(4.9.0) D:\a\opencv-python\opencv-python\opencv\modules\imgproc\src\templmatch.cpp:1175: error: (-215:Assertion failed) _img.size().height <= _templ.size().height && _img.size().width <= _templ.size().width in function 'cv::matchTemplate'

2024-12-19 00:30:43,640 - INFO - Critical Error | OpenCV(4.9.0) D:\a\opencv-python\opencv-python\opencv\modules\imgproc\src\templmatch.cpp:1175: error: (-215:Assertion failed) _img.size().height <= _templ.size().height && _img.size().width <= _templ.size().width in function 'cv::matchTemplate'

2024-12-19 00:30:43,744 - INFO - Critical Error | OpenCV(4.9.0) D:\a\opencv-python\opencv-python\opencv\modules\imgproc\src\templmatch.cpp:1175: error: (-215:Assertion failed) _img.size().height <= _templ.size().height && _img.size().width <= _templ.size().width in function 'cv::matchTemplate'

2024-12-19 00:30:43,839 - INFO - Critical Error | OpenCV(4.9.0) D:\a\opencv-python\opencv-python\opencv\modules\imgproc\src\templmatch.cpp:1175: error: (-215:Assertion failed) _img.size().height <= _templ.size().height && _img.size().width <= _templ.size().width in function 'cv::matchTemplate'

2024-12-19 00:30:43,934 - INFO - Critical Error | OpenCV(4.9.0) D:\a\opencv-python\opencv-python\opencv\modules\imgproc\src\templmatch.cpp:1175: error: (-215:Assertion failed) _img.size().height <= _templ.size().height && _img.size().width <= _templ.size().width in function 'cv::matchTemplate'

2024-12-19 00:30:44,023 - INFO - Critical Error | OpenCV(4.9.0) D:\a\opencv-python\opencv-python\opencv\modules\imgproc\src\templmatch.cpp:1175: error: (-215:Assertion failed) _img.size().height <= _templ.size().height && _img.size().width <= _templ.size().width in function 'cv::matchTemplate'

2024-12-19 00:30:44,117 - INFO - Critical Error | OpenCV(4.9.0) D:\a\opencv-python\opencv-python\opencv\modules\imgproc\src\templmatch.cpp:1175: error: (-215:Assertion failed) _img.size().height <= _templ.size().height && _img.size().width <= _templ.size().width in function 'cv::matchTemplate'

2024-12-19 00:30:44,208 - INFO - Critical Error | OpenCV(4.9.0) D:\a\opencv-python\opencv-python\opencv\modules\imgproc\src\templmatch.cpp:1175: error: (-215:Assertion failed) _img.size().height <= _templ.size().height && _img.size().width <= _templ.size().width in function 'cv::matchTemplate'

2024-12-19 00:30:44,302 - INFO - Critical Error | OpenCV(4.9.0) D:\a\opencv-python\opencv-python\opencv\modules\imgproc\src\templmatch.cpp:1175: error: (-215:Assertion failed) _img.size().height <= _templ.size().height && _img.size().width <= _templ.size().width in function 'cv::matchTemplate'

2024-12-19 00:30:44,396 - INFO - Critical Error | OpenCV(4.9.0) D:\a\opencv-python\opencv-python\opencv\modules\imgproc\src\templmatch.cpp:1175: error: (-215:Assertion failed) _img.size().height <= _templ.size().height && _img.size().width <= _templ.size().width in function 'cv::matchTemplate'

2024-12-19 00:30:44,487 - INFO - Critical Error | OpenCV(4.9.0) D:\a\opencv-python\opencv-python\opencv\modules\imgproc\src\templmatch.cpp:1175: error: (-215:Assertion failed) _img.size().height <= _templ.size().height && _img.size().width <= _templ.size().width in function 'cv::matchTemplate'

2024-12-19 00:30:44,588 - INFO - Critical Error | OpenCV(4.9.0) D:\a\opencv-python\opencv-python\opencv\modules\imgproc\src\templmatch.cpp:1175: error: (-215:Assertion failed) _img.size().height <= _templ.size().height && _img.size().width <= _templ.size().width in function 'cv::matchTemplate'

2024-12-19 00:30:44,678 - INFO - Critical Error | OpenCV(4.9.0) D:\a\opencv-python\opencv-python\opencv\modules\imgproc\src\templmatch.cpp:1175: error: (-215:Assertion failed) _img.size().height <= _templ.size().height && _img.size().width <= _templ.size().width in function 'cv::matchTemplate'

2024-12-19 00:30:44,805 - INFO - Critical Error | OpenCV(4.9.0) D:\a\opencv-python\opencv-python\opencv\modules\imgproc\src\templmatch.cpp:1175: error: (-215:Assertion failed) _img.size().height <= _templ.size().height && _img.size().width <= _templ.size().width in function 'cv::matchTemplate'

2024-12-19 00:30:44,893 - INFO - Critical Error | OpenCV(4.9.0) D:\a\opencv-python\opencv-python\opencv\modules\imgproc\src\templmatch.cpp:1175: error: (-215:Assertion failed) _img.size().height <= _templ.size().height && _img.size().width <= _templ.size().width in function 'cv::matchTemplate'

2024-12-19 00:30:45,001 - INFO - Critical Error | OpenCV(4.9.0) D:\a\opencv-python\opencv-python\opencv\modules\imgproc\src\templmatch.cpp:1175: error: (-215:Assertion failed) _img.size().height <= _templ.size().height && _img.size().width <= _templ.size().width in function 'cv::matchTemplate'

2024-12-19 00:30:45,105 - INFO - Critical Error | OpenCV(4.9.0) D:\a\opencv-python\opencv-python\opencv\modules\imgproc\src\templmatch.cpp:1175: error: (-215:Assertion failed) _img.size().height <= _templ.size().height && _img.size().width <= _templ.size().width in function 'cv::matchTemplate'

2024-12-19 00:30:45,195 - INFO - Critical Error | OpenCV(4.9.0) D:\a\opencv-python\opencv-python\opencv\modules\imgproc\src\templmatch.cpp:1175: error: (-215:Assertion failed) _img.size().height <= _templ.size().height && _img.size().width <= _templ.size().width in function 'cv::matchTemplate'

2024-12-19 00:30:45,306 - INFO - Critical Error | OpenCV(4.9.0) D:\a\opencv-python\opencv-python\opencv\modules\imgproc\src\templmatch.cpp:1175: error: (-215:Assertion failed) _img.size().height <= _templ.size().height && _img.size().width <= _templ.size().width in function 'cv::matchTemplate'

2024-12-19 00:30:45,417 - INFO - Critical Error | OpenCV(4.9.0) D:\a\opencv-python\opencv-python\opencv\modules\imgproc\src\templmatch.cpp:1175: error: (-215:Assertion failed) _img.size().height <= _templ.size().height && _img.size().width <= _templ.size().width in function 'cv::matchTemplate'

2024-12-19 00:30:45,505 - INFO - Critical Error | OpenCV(4.9.0) D:\a\opencv-python\opencv-python\opencv\modules\imgproc\src\templmatch.cpp:1175: error: (-215:Assertion failed) _img.size().height <= _templ.size().height && _img.size().width <= _templ.size().width in function 'cv::matchTemplate'

2024-12-19 00:30:45,585 - INFO - Critical Error | OpenCV(4.9.0) D:\a\opencv-python\opencv-python\opencv\modules\imgproc\src\templmatch.cpp:1175: error: (-215:Assertion failed) _img.size().height <= _templ.size().height && _img.size().width <= _templ.size().width in function 'cv::matchTemplate'

2024-12-19 00:30:45,666 - INFO - Critical Error | OpenCV(4.9.0) D:\a\opencv-python\opencv-python\opencv\modules\imgproc\src\templmatch.cpp:1175: error: (-215:Assertion failed) _img.size().height <= _templ.size().height && _img.size().width <= _templ.size().width in function 'cv::matchTemplate'

2024-12-19 00:30:45,737 - INFO - Critical Error | OpenCV(4.9.0) D:\a\opencv-python\opencv-python\opencv\modules\imgproc\src\templmatch.cpp:1175: error: (-215:Assertion failed) _img.size().height <= _templ.size().height && _img.size().width <= _templ.size().width in function 'cv::matchTemplate'

2024-12-19 00:30:45,816 - INFO - Critical Error | OpenCV(4.9.0) D:\a\opencv-python\opencv-python\opencv\modules\imgproc\src\templmatch.cpp:1175: error: (-215:Assertion failed) _img.size().height <= _templ.size().height && _img.size().width <= _templ.size().width in function 'cv::matchTemplate'

2024-12-19 00:30:45,895 - INFO - Critical Error | OpenCV(4.9.0) D:\a\opencv-python\opencv-python\opencv\modules\imgproc\src\templmatch.cpp:1175: error: (-215:Assertion failed) _img.size().height <= _templ.size().height && _img.size().width <= _templ.size().width in function 'cv::matchTemplate'

2024-12-19 00:30:45,963 - INFO - Critical Error | OpenCV(4.9.0) D:\a\opencv-python\opencv-python\opencv\modules\imgproc\src\templmatch.cpp:1175: error: (-215:Assertion failed) _img.size().height <= _templ.size().height && _img.size().width <= _templ.size().width in function 'cv::matchTemplate'

2024-12-19 00:30:46,088 - INFO - Critical Error | OpenCV(4.9.0) D:\a\opencv-python\opencv-python\opencv\modules\imgproc\src\templmatch.cpp:1175: error: (-215:Assertion failed) _img.size().height <= _templ.size().height && _img.size().width <= _templ.size().width in function 'cv::matchTemplate'

2024-12-19 00:30:46,166 - INFO - Critical Error | OpenCV(4.9.0) D:\a\opencv-python\opencv-python\opencv\modules\imgproc\src\templmatch.cpp:1175: error: (-215:Assertion failed) _img.size().height <= _templ.size().height && _img.size().width <= _templ.size().width in function 'cv::matchTemplate'

2024-12-19 00:30:46,242 - INFO - Critical Error | OpenCV(4.9.0) D:\a\opencv-python\opencv-python\opencv\modules\imgproc\src\templmatch.cpp:1175: error: (-215:Assertion failed) _img.size().height <= _templ.size().height && _img.size().width <= _templ.size().width in function 'cv::matchTemplate'

2024-12-19 00:30:46,327 - INFO - Critical Error | OpenCV(4.9.0) D:\a\opencv-python\opencv-python\opencv\modules\imgproc\src\templmatch.cpp:1175: error: (-215:Assertion failed) _img.size().height <= _templ.size().height && _img.size().width <= _templ.size().width in function 'cv::matchTemplate'

2024-12-19 00:30:46,415 - INFO - Critical Error | OpenCV(4.9.0) D:\a\opencv-python\opencv-python\opencv\modules\imgproc\src\templmatch.cpp:1175: error: (-215:Assertion failed) _img.size().height <= _templ.size().height && _img.size().width <= _templ.size().width in function 'cv::matchTemplate'

2024-12-19 00:30:46,520 - INFO - Critical Error | OpenCV(4.9.0) D:\a\opencv-python\opencv-python\opencv\modules\imgproc\src\templmatch.cpp:1175: error: (-215:Assertion failed) _img.size().height <= _templ.size().height && _img.size().width <= _templ.size().width in function 'cv::matchTemplate'

2024-12-19 00:30:46,616 - INFO - Critical Error | OpenCV(4.9.0) D:\a\opencv-python\opencv-python\opencv\modules\imgproc\src\templmatch.cpp:1175: error: (-215:Assertion failed) _img.size().height <= _templ.size().height && _img.size().width <= _templ.size().width in function 'cv::matchTemplate'

2024-12-19 00:30:46,715 - INFO - Critical Error | OpenCV(4.9.0) D:\a\opencv-python\opencv-python\opencv\modules\imgproc\src\templmatch.cpp:1175: error: (-215:Assertion failed) _img.size().height <= _templ.size().height && _img.size().width <= _templ.size().width in function 'cv::matchTemplate'

2024-12-19 00:30:46,818 - INFO - Critical Error | OpenCV(4.9.0) D:\a\opencv-python\opencv-python\opencv\modules\imgproc\src\templmatch.cpp:1175: error: (-215:Assertion failed) _img.size().height <= _templ.size().height && _img.size().width <= _templ.size().width in function 'cv::matchTemplate'

2024-12-19 00:30:46,913 - INFO - Critical Error | OpenCV(4.9.0) D:\a\opencv-python\opencv-python\opencv\modules\imgproc\src\templmatch.cpp:1175: error: (-215:Assertion failed) _img.size().height <= _templ.size().height && _img.size().width <= _templ.size().width in function 'cv::matchTemplate'

2024-12-19 00:30:46,975 - INFO - Critical Error | OpenCV(4.9.0) D:\a\opencv-python\opencv-python\opencv\modules\imgproc\src\templmatch.cpp:1175: error: (-215:Assertion failed) _img.size().height <= _templ.size().height && _img.size().width <= _templ.size().width in function 'cv::matchTemplate'

2024-12-19 14:42:29,819 - INFO - Critical Error | OpenCV(4.9.0) D:\a\opencv-python\opencv-python\opencv\modules\imgproc\src\templmatch.cpp:1175: error: (-215:Assertion failed) _img.size().height <= _templ.size().height && _img.size().width <= _templ.size().width in function 'cv::matchTemplate'

2024-12-19 14:42:29,930 - INFO - Critical Error | OpenCV(4.9.0) D:\a\opencv-python\opencv-python\opencv\modules\imgproc\src\templmatch.cpp:1175: error: (-215:Assertion failed) _img.size().height <= _templ.size().height && _img.size().width <= _templ.size().width in function 'cv::matchTemplate'

2024-12-19 14:42:30,010 - INFO - Critical Error | OpenCV(4.9.0) D:\a\opencv-python\opencv-python\opencv\modules\imgproc\src\templmatch.cpp:1175: error: (-215:Assertion failed) _img.size().height <= _templ.size().height && _img.size().width <= _templ.size().width in function 'cv::matchTemplate'

2024-12-19 14:42:30,087 - INFO - Critical Error | OpenCV(4.9.0) D:\a\opencv-python\opencv-python\opencv\modules\imgproc\src\templmatch.cpp:1175: error: (-215:Assertion failed) _img.size().height <= _templ.size().height && _img.size().width <= _templ.size().width in function 'cv::matchTemplate'

2024-12-19 14:42:30,188 - INFO - Critical Error | OpenCV(4.9.0) D:\a\opencv-python\opencv-python\opencv\modules\imgproc\src\templmatch.cpp:1175: error: (-215:Assertion failed) _img.size().height <= _templ.size().height && _img.size().width <= _templ.size().width in function 'cv::matchTemplate'

2024-12-19 14:42:30,292 - INFO - Critical Error | OpenCV(4.9.0) D:\a\opencv-python\opencv-python\opencv\modules\imgproc\src\templmatch.cpp:1175: error: (-215:Assertion failed) _img.size().height <= _templ.size().height && _img.size().width <= _templ.size().width in function 'cv::matchTemplate'

2024-12-19 14:42:30,388 - INFO - Critical Error | OpenCV(4.9.0) D:\a\opencv-python\opencv-python\opencv\modules\imgproc\src\templmatch.cpp:1175: error: (-215:Assertion failed) _img.size().height <= _templ.size().height && _img.size().width <= _templ.size().width in function 'cv::matchTemplate'

2024-12-19 14:42:30,496 - INFO - Critical Error | OpenCV(4.9.0) D:\a\opencv-python\opencv-python\opencv\modules\imgproc\src\templmatch.cpp:1175: error: (-215:Assertion failed) _img.size().height <= _templ.size().height && _img.size().width <= _templ.size().width in function 'cv::matchTemplate'

2024-12-19 14:42:30,597 - INFO - Critical Error | OpenCV(4.9.0) D:\a\opencv-python\opencv-python\opencv\modules\imgproc\src\templmatch.cpp:1175: error: (-215:Assertion failed) _img.size().height <= _templ.size().height && _img.size().width <= _templ.size().width in function 'cv::matchTemplate'

2024-12-19 14:42:30,698 - INFO - Critical Error | OpenCV(4.9.0) D:\a\opencv-python\opencv-python\opencv\modules\imgproc\src\templmatch.cpp:1175: error: (-215:Assertion failed) _img.size().height <= _templ.size().height && _img.size().width <= _templ.size().width in function 'cv::matchTemplate'

2024-12-19 14:42:30,791 - INFO - Critical Error | OpenCV(4.9.0) D:\a\opencv-python\opencv-python\opencv\modules\imgproc\src\templmatch.cpp:1175: error: (-215:Assertion failed) _img.size().height <= _templ.size().height && _img.size().width <= _templ.size().width in function 'cv::matchTemplate'

2024-12-19 14:42:30,880 - INFO - Critical Error | OpenCV(4.9.0) D:\a\opencv-python\opencv-python\opencv\modules\imgproc\src\templmatch.cpp:1175: error: (-215:Assertion failed) _img.size().height <= _templ.size().height && _img.size().width <= _templ.size().width in function 'cv::matchTemplate'

2024-12-19 14:42:30,975 - INFO - Critical Error | OpenCV(4.9.0) D:\a\opencv-python\opencv-python\opencv\modules\imgproc\src\templmatch.cpp:1175: error: (-215:Assertion failed) _img.size().height <= _templ.size().height && _img.size().width <= _templ.size().width in function 'cv::matchTemplate'

2024-12-19 14:42:31,072 - INFO - Critical Error | OpenCV(4.9.0) D:\a\opencv-python\opencv-python\opencv\modules\imgproc\src\templmatch.cpp:1175: error: (-215:Assertion failed) _img.size().height <= _templ.size().height && _img.size().width <= _templ.size().width in function 'cv::matchTemplate'

2024-12-19 14:42:31,175 - INFO - Critical Error | OpenCV(4.9.0) D:\a\opencv-python\opencv-python\opencv\modules\imgproc\src\templmatch.cpp:1175: error: (-215:Assertion failed) _img.size().height <= _templ.size().height && _img.size().width <= _templ.size().width in function 'cv::matchTemplate'

2024-12-19 14:42:31,268 - INFO - Critical Error | OpenCV(4.9.0) D:\a\opencv-python\opencv-python\opencv\modules\imgproc\src\templmatch.cpp:1175: error: (-215:Assertion failed) _img.size().height <= _templ.size().height && _img.size().width <= _templ.size().width in function 'cv::matchTemplate'

2024-12-19 14:42:31,365 - INFO - Critical Error | OpenCV(4.9.0) D:\a\opencv-python\opencv-python\opencv\modules\imgproc\src\templmatch.cpp:1175: error: (-215:Assertion failed) _img.size().height <= _templ.size().height && _img.size().width <= _templ.size().width in function 'cv::matchTemplate'

2024-12-19 14:42:31,459 - INFO - Critical Error | OpenCV(4.9.0) D:\a\opencv-python\opencv-python\opencv\modules\imgproc\src\templmatch.cpp:1175: error: (-215:Assertion failed) _img.size().height <= _templ.size().height && _img.size().width <= _templ.size().width in function 'cv::matchTemplate'

2024-12-19 14:42:31,553 - INFO - Critical Error | OpenCV(4.9.0) D:\a\opencv-python\opencv-python\opencv\modules\imgproc\src\templmatch.cpp:1175: error: (-215:Assertion failed) _img.size().height <= _templ.size().height && _img.size().width <= _templ.size().width in function 'cv::matchTemplate'

2024-12-19 14:42:31,650 - INFO - Critical Error | OpenCV(4.9.0) D:\a\opencv-python\opencv-python\opencv\modules\imgproc\src\templmatch.cpp:1175: error: (-215:Assertion failed) _img.size().height <= _templ.size().height && _img.size().width <= _templ.size().width in function 'cv::matchTemplate'

2024-12-19 14:42:31,744 - INFO - Critical Error | OpenCV(4.9.0) D:\a\opencv-python\opencv-python\opencv\modules\imgproc\src\templmatch.cpp:1175: error: (-215:Assertion failed) _img.size().height <= _templ.size().height && _img.size().width <= _templ.size().width in function 'cv::matchTemplate'

2024-12-19 14:42:31,830 - INFO - Critical Error | OpenCV(4.9.0) D:\a\opencv-python\opencv-python\opencv\modules\imgproc\src\templmatch.cpp:1175: error: (-215:Assertion failed) _img.size().height <= _templ.size().height && _img.size().width <= _templ.size().width in function 'cv::matchTemplate'

2024-12-19 14:42:31,921 - INFO - Critical Error | OpenCV(4.9.0) D:\a\opencv-python\opencv-python\opencv\modules\imgproc\src\templmatch.cpp:1175: error: (-215:Assertion failed) _img.size().height <= _templ.size().height && _img.size().width <= _templ.size().width in function 'cv::matchTemplate'

2024-12-19 14:42:32,022 - INFO - Critical Error | OpenCV(4.9.0) D:\a\opencv-python\opencv-python\opencv\modules\imgproc\src\templmatch.cpp:1175: error: (-215:Assertion failed) _img.size().height <= _templ.size().height && _img.size().width <= _templ.size().width in function 'cv::matchTemplate'

2024-12-19 14:42:32,128 - INFO - Critical Error | OpenCV(4.9.0) D:\a\opencv-python\opencv-python\opencv\modules\imgproc\src\templmatch.cpp:1175: error: (-215:Assertion failed) _img.size().height <= _templ.size().height && _img.size().width <= _templ.size().width in function 'cv::matchTemplate'

2024-12-19 14:42:32,282 - INFO - Critical Error | OpenCV(4.9.0) D:\a\opencv-python\opencv-python\opencv\modules\imgproc\src\templmatch.cpp:1175: error: (-215:Assertion failed) _img.size().height <= _templ.size().height && _img.size().width <= _templ.size().width in function 'cv::matchTemplate'

2024-12-19 14:42:32,398 - INFO - Critical Error | OpenCV(4.9.0) D:\a\opencv-python\opencv-python\opencv\modules\imgproc\src\templmatch.cpp:1175: error: (-215:Assertion failed) _img.size().height <= _templ.size().height && _img.size().width <= _templ.size().width in function 'cv::matchTemplate'

2024-12-19 14:42:32,502 - INFO - Critical Error | OpenCV(4.9.0) D:\a\opencv-python\opencv-python\opencv\modules\imgproc\src\templmatch.cpp:1175: error: (-215:Assertion failed) _img.size().height <= _templ.size().height && _img.size().width <= _templ.size().width in function 'cv::matchTemplate'

2024-12-19 14:42:32,597 - INFO - Critical Error | OpenCV(4.9.0) D:\a\opencv-python\opencv-python\opencv\modules\imgproc\src\templmatch.cpp:1175: error: (-215:Assertion failed) _img.size().height <= _templ.size().height && _img.size().width <= _templ.size().width in function 'cv::matchTemplate'

2024-12-19 14:42:32,703 - INFO - Critical Error | OpenCV(4.9.0) D:\a\opencv-python\opencv-python\opencv\modules\imgproc\src\templmatch.cpp:1175: error: (-215:Assertion failed) _img.size().height <= _templ.size().height && _img.size().width <= _templ.size().width in function 'cv::matchTemplate'

2024-12-19 14:42:32,791 - INFO - Critical Error | OpenCV(4.9.0) D:\a\opencv-python\opencv-python\opencv\modules\imgproc\src\templmatch.cpp:1175: error: (-215:Assertion failed) _img.size().height <= _templ.size().height && _img.size().width <= _templ.size().width in function 'cv::matchTemplate'

2024-12-19 14:42:32,879 - INFO - Critical Error | OpenCV(4.9.0) D:\a\opencv-python\opencv-python\opencv\modules\imgproc\src\templmatch.cpp:1175: error: (-215:Assertion failed) _img.size().height <= _templ.size().height && _img.size().width <= _templ.size().width in function 'cv::matchTemplate'

2024-12-19 14:42:32,961 - INFO - Critical Error | OpenCV(4.9.0) D:\a\opencv-python\opencv-python\opencv\modules\imgproc\src\templmatch.cpp:1175: error: (-215:Assertion failed) _img.size().height <= _templ.size().height && _img.size().width <= _templ.size().width in function 'cv::matchTemplate'

2024-12-19 14:42:33,070 - INFO - Critical Error | OpenCV(4.9.0) D:\a\opencv-python\opencv-python\opencv\modules\imgproc\src\templmatch.cpp:1175: error: (-215:Assertion failed) _img.size().height <= _templ.size().height && _img.size().width <= _templ.size().width in function 'cv::matchTemplate'

2024-12-19 14:42:33,181 - INFO - Critical Error | OpenCV(4.9.0) D:\a\opencv-python\opencv-python\opencv\modules\imgproc\src\templmatch.cpp:1175: error: (-215:Assertion failed) _img.size().height <= _templ.size().height && _img.size().width <= _templ.size().width in function 'cv::matchTemplate'

2024-12-19 14:42:33,288 - INFO - Critical Error | OpenCV(4.9.0) D:\a\opencv-python\opencv-python\opencv\modules\imgproc\src\templmatch.cpp:1175: error: (-215:Assertion failed) _img.size().height <= _templ.size().height && _img.size().width <= _templ.size().width in function 'cv::matchTemplate'

2024-12-19 14:42:33,397 - INFO - Critical Error | OpenCV(4.9.0) D:\a\opencv-python\opencv-python\opencv\modules\imgproc\src\templmatch.cpp:1175: error: (-215:Assertion failed) _img.size().height <= _templ.size().height && _img.size().width <= _templ.size().width in function 'cv::matchTemplate'

2024-12-19 14:42:33,523 - INFO - Critical Error | OpenCV(4.9.0) D:\a\opencv-python\opencv-python\opencv\modules\imgproc\src\templmatch.cpp:1175: error: (-215:Assertion failed) _img.size().height <= _templ.size().height && _img.size().width <= _templ.size().width in function 'cv::matchTemplate'

2024-12-19 14:42:33,653 - INFO - Critical Error | OpenCV(4.9.0) D:\a\opencv-python\opencv-python\opencv\modules\imgproc\src\templmatch.cpp:1175: error: (-215:Assertion failed) _img.size().height <= _templ.size().height && _img.size().width <= _templ.size().width in function 'cv::matchTemplate'

2024-12-19 14:42:33,786 - INFO - Critical Error | OpenCV(4.9.0) D:\a\opencv-python\opencv-python\opencv\modules\imgproc\src\templmatch.cpp:1175: error: (-215:Assertion failed) _img.size().height <= _templ.size().height && _img.size().width <= _templ.size().width in function 'cv::matchTemplate'

2024-12-19 14:42:33,952 - INFO - Critical Error | OpenCV(4.9.0) D:\a\opencv-python\opencv-python\opencv\modules\imgproc\src\templmatch.cpp:1175: error: (-215:Assertion failed) _img.size().height <= _templ.size().height && _img.size().width <= _templ.size().width in function 'cv::matchTemplate'

2024-12-19 14:42:34,093 - INFO - Critical Error | OpenCV(4.9.0) D:\a\opencv-python\opencv-python\opencv\modules\imgproc\src\templmatch.cpp:1175: error: (-215:Assertion failed) _img.size().height <= _templ.size().height && _img.size().width <= _templ.size().width in function 'cv::matchTemplate'

2024-12-19 14:42:34,213 - INFO - Critical Error | OpenCV(4.9.0) D:\a\opencv-python\opencv-python\opencv\modules\imgproc\src\templmatch.cpp:1175: error: (-215:Assertion failed) _img.size().height <= _templ.size().height && _img.size().width <= _templ.size().width in function 'cv::matchTemplate'

2024-12-19 14:42:34,353 - INFO - Critical Error | OpenCV(4.9.0) D:\a\opencv-python\opencv-python\opencv\modules\imgproc\src\templmatch.cpp:1175: error: (-215:Assertion failed) _img.size().height <= _templ.size().height && _img.size().width <= _templ.size().width in function 'cv::matchTemplate'

2024-12-19 14:42:34,471 - INFO - Critical Error | OpenCV(4.9.0) D:\a\opencv-python\opencv-python\opencv\modules\imgproc\src\templmatch.cpp:1175: error: (-215:Assertion failed) _img.size().height <= _templ.size().height && _img.size().width <= _templ.size().width in function 'cv::matchTemplate'

2024-12-19 14:42:34,684 - INFO - Critical Error | OpenCV(4.9.0) D:\a\opencv-python\opencv-python\opencv\modules\imgproc\src\templmatch.cpp:1175: error: (-215:Assertion failed) _img.size().height <= _templ.size().height && _img.size().width <= _templ.size().width in function 'cv::matchTemplate'

2024-12-19 14:42:34,836 - INFO - Critical Error | OpenCV(4.9.0) D:\a\opencv-python\opencv-python\opencv\modules\imgproc\src\templmatch.cpp:1175: error: (-215:Assertion failed) _img.size().height <= _templ.size().height && _img.size().width <= _templ.size().width in function 'cv::matchTemplate'

2024-12-19 14:42:35,004 - INFO - Critical Error | OpenCV(4.9.0) D:\a\opencv-python\opencv-python\opencv\modules\imgproc\src\templmatch.cpp:1175: error: (-215:Assertion failed) _img.size().height <= _templ.size().height && _img.size().width <= _templ.size().width in function 'cv::matchTemplate'

2024-12-19 14:42:35,175 - INFO - Critical Error | OpenCV(4.9.0) D:\a\opencv-python\opencv-python\opencv\modules\imgproc\src\templmatch.cpp:1175: error: (-215:Assertion failed) _img.size().height <= _templ.size().height && _img.size().width <= _templ.size().width in function 'cv::matchTemplate'

2024-12-19 14:42:35,344 - INFO - Critical Error | OpenCV(4.9.0) D:\a\opencv-python\opencv-python\opencv\modules\imgproc\src\templmatch.cpp:1175: error: (-215:Assertion failed) _img.size().height <= _templ.size().height && _img.size().width <= _templ.size().width in function 'cv::matchTemplate'

2024-12-19 14:42:35,483 - INFO - Critical Error | OpenCV(4.9.0) D:\a\opencv-python\opencv-python\opencv\modules\imgproc\src\templmatch.cpp:1175: error: (-215:Assertion failed) _img.size().height <= _templ.size().height && _img.size().width <= _templ.size().width in function 'cv::matchTemplate'

2024-12-19 14:42:35,673 - INFO - Critical Error | OpenCV(4.9.0) D:\a\opencv-python\opencv-python\opencv\modules\imgproc\src\templmatch.cpp:1175: error: (-215:Assertion failed) _img.size().height <= _templ.size().height && _img.size().width <= _templ.size().width in function 'cv::matchTemplate'

2024-12-19 14:42:35,856 - INFO - Critical Error | OpenCV(4.9.0) D:\a\opencv-python\opencv-python\opencv\modules\imgproc\src\templmatch.cpp:1175: error: (-215:Assertion failed) _img.size().height <= _templ.size().height && _img.size().width <= _templ.size().width in function 'cv::matchTemplate'

2024-12-19 14:42:36,023 - INFO - Critical Error | OpenCV(4.9.0) D:\a\opencv-python\opencv-python\opencv\modules\imgproc\src\templmatch.cpp:1175: error: (-215:Assertion failed) _img.size().height <= _templ.size().height && _img.size().width <= _templ.size().width in function 'cv::matchTemplate'

2024-12-19 14:42:36,184 - INFO - Critical Error | OpenCV(4.9.0) D:\a\opencv-python\opencv-python\opencv\modules\imgproc\src\templmatch.cpp:1175: error: (-215:Assertion failed) _img.size().height <= _templ.size().height && _img.size().width <= _templ.size().width in function 'cv::matchTemplate'

2024-12-19 14:42:36,330 - INFO - Critical Error | OpenCV(4.9.0) D:\a\opencv-python\opencv-python\opencv\modules\imgproc\src\templmatch.cpp:1175: error: (-215:Assertion failed) _img.size().height <= _templ.size().height && _img.size().width <= _templ.size().width in function 'cv::matchTemplate'

2024-12-19 14:42:36,467 - INFO - Critical Error | OpenCV(4.9.0) D:\a\opencv-python\opencv-python\opencv\modules\imgproc\src\templmatch.cpp:1175: error: (-215:Assertion failed) _img.size().height <= _templ.size().height && _img.size().width <= _templ.size().width in function 'cv::matchTemplate'

2024-12-19 14:42:36,592 - INFO - Critical Error | OpenCV(4.9.0) D:\a\opencv-python\opencv-python\opencv\modules\imgproc\src\templmatch.cpp:1175: error: (-215:Assertion failed) _img.size().height <= _templ.size().height && _img.size().width <= _templ.size().width in function 'cv::matchTemplate'

2024-12-19 14:42:36,720 - INFO - Critical Error | OpenCV(4.9.0) D:\a\opencv-python\opencv-python\opencv\modules\imgproc\src\templmatch.cpp:1175: error: (-215:Assertion failed) _img.size().height <= _templ.size().height && _img.size().width <= _templ.size().width in function 'cv::matchTemplate'

2024-12-19 14:42:36,866 - INFO - Critical Error | OpenCV(4.9.0) D:\a\opencv-python\opencv-python\opencv\modules\imgproc\src\templmatch.cpp:1175: error: (-215:Assertion failed) _img.size().height <= _templ.size().height && _img.size().width <= _templ.size().width in function 'cv::matchTemplate'

2024-12-19 14:42:37,017 - INFO - Critical Error | OpenCV(4.9.0) D:\a\opencv-python\opencv-python\opencv\modules\imgproc\src\templmatch.cpp:1175: error: (-215:Assertion failed) _img.size().height <= _templ.size().height && _img.size().width <= _templ.size().width in function 'cv::matchTemplate'

2024-12-19 14:42:37,247 - INFO - Critical Error | OpenCV(4.9.0) D:\a\opencv-python\opencv-python\opencv\modules\imgproc\src\templmatch.cpp:1175: error: (-215:Assertion failed) _img.size().height <= _templ.size().height && _img.size().width <= _templ.size().width in function 'cv::matchTemplate'

2024-12-19 14:42:37,456 - INFO - Critical Error | OpenCV(4.9.0) D:\a\opencv-python\opencv-python\opencv\modules\imgproc\src\templmatch.cpp:1175: error: (-215:Assertion failed) _img.size().height <= _templ.size().height && _img.size().width <= _templ.size().width in function 'cv::matchTemplate'

2024-12-19 14:42:37,671 - INFO - Critical Error | OpenCV(4.9.0) D:\a\opencv-python\opencv-python\opencv\modules\imgproc\src\templmatch.cpp:1175: error: (-215:Assertion failed) _img.size().height <= _templ.size().height && _img.size().width <= _templ.size().width in function 'cv::matchTemplate'

2024-12-19 14:42:38,114 - INFO - Critical Error | OpenCV(4.9.0) D:\a\opencv-python\opencv-python\opencv\modules\imgproc\src\templmatch.cpp:1175: error: (-215:Assertion failed) _img.size().height <= _templ.size().height && _img.size().width <= _templ.size().width in function 'cv::matchTemplate'

2024-12-19 14:42:38,518 - INFO - Critical Error | OpenCV(4.9.0) D:\a\opencv-python\opencv-python\opencv\modules\imgproc\src\templmatch.cpp:1175: error: (-215:Assertion failed) _img.size().height <= _templ.size().height && _img.size().width <= _templ.size().width in function 'cv::matchTemplate'

2024-12-19 14:42:38,759 - INFO - Critical Error | OpenCV(4.9.0) D:\a\opencv-python\opencv-python\opencv\modules\imgproc\src\templmatch.cpp:1175: error: (-215:Assertion failed) _img.size().height <= _templ.size().height && _img.size().width <= _templ.size().width in function 'cv::matchTemplate'

2024-12-19 14:42:38,952 - INFO - Critical Error | OpenCV(4.9.0) D:\a\opencv-python\opencv-python\opencv\modules\imgproc\src\templmatch.cpp:1175: error: (-215:Assertion failed) _img.size().height <= _templ.size().height && _img.size().width <= _templ.size().width in function 'cv::matchTemplate'

2024-12-19 14:42:39,237 - INFO - Critical Error | OpenCV(4.9.0) D:\a\opencv-python\opencv-python\opencv\modules\imgproc\src\templmatch.cpp:1175: error: (-215:Assertion failed) _img.size().height <= _templ.size().height && _img.size().width <= _templ.size().width in function 'cv::matchTemplate'

2024-12-19 14:42:39,673 - INFO - Critical Error | OpenCV(4.9.0) D:\a\opencv-python\opencv-python\opencv\modules\imgproc\src\templmatch.cpp:1175: error: (-215:Assertion failed) _img.size().height <= _templ.size().height && _img.size().width <= _templ.size().width in function 'cv::matchTemplate'

2024-12-19 14:42:39,904 - INFO - Critical Error | OpenCV(4.9.0) D:\a\opencv-python\opencv-python\opencv\modules\imgproc\src\templmatch.cpp:1175: error: (-215:Assertion failed) _img.size().height <= _templ.size().height && _img.size().width <= _templ.size().width in function 'cv::matchTemplate'

2024-12-19 14:42:40,072 - INFO - Critical Error | OpenCV(4.9.0) D:\a\opencv-python\opencv-python\opencv\modules\imgproc\src\templmatch.cpp:1175: error: (-215:Assertion failed) _img.size().height <= _templ.size().height && _img.size().width <= _templ.size().width in function 'cv::matchTemplate'

2024-12-19 14:42:40,253 - INFO - Critical Error | OpenCV(4.9.0) D:\a\opencv-python\opencv-python\opencv\modules\imgproc\src\templmatch.cpp:1175: error: (-215:Assertion failed) _img.size().height <= _templ.size().height && _img.size().width <= _templ.size().width in function 'cv::matchTemplate'

2024-12-19 14:42:40,477 - INFO - Critical Error | OpenCV(4.9.0) D:\a\opencv-python\opencv-python\opencv\modules\imgproc\src\templmatch.cpp:1175: error: (-215:Assertion failed) _img.size().height <= _templ.size().height && _img.size().width <= _templ.size().width in function 'cv::matchTemplate'

2024-12-19 14:42:40,711 - INFO - Critical Error | OpenCV(4.9.0) D:\a\opencv-python\opencv-python\opencv\modules\imgproc\src\templmatch.cpp:1175: error: (-215:Assertion failed) _img.size().height <= _templ.size().height && _img.size().width <= _templ.size().width in function 'cv::matchTemplate'

2024-12-19 14:42:40,889 - INFO - Critical Error | OpenCV(4.9.0) D:\a\opencv-python\opencv-python\opencv\modules\imgproc\src\templmatch.cpp:1175: error: (-215:Assertion failed) _img.size().height <= _templ.size().height && _img.size().width <= _templ.size().width in function 'cv::matchTemplate'

2024-12-19 14:42:41,018 - INFO - Critical Error | OpenCV(4.9.0) D:\a\opencv-python\opencv-python\opencv\modules\imgproc\src\templmatch.cpp:1175: error: (-215:Assertion failed) _img.size().height <= _templ.size().height && _img.size().width <= _templ.size().width in function 'cv::matchTemplate'

2024-12-19 14:42:41,168 - INFO - Critical Error | OpenCV(4.9.0) D:\a\opencv-python\opencv-python\opencv\modules\imgproc\src\templmatch.cpp:1175: error: (-215:Assertion failed) _img.size().height <= _templ.size().height && _img.size().width <= _templ.size().width in function 'cv::matchTemplate'

2024-12-19 14:42:41,411 - INFO - Critical Error | OpenCV(4.9.0) D:\a\opencv-python\opencv-python\opencv\modules\imgproc\src\templmatch.cpp:1175: error: (-215:Assertion failed) _img.size().height <= _templ.size().height && _img.size().width <= _templ.size().width in function 'cv::matchTemplate'

2024-12-19 14:42:41,554 - INFO - Critical Error | OpenCV(4.9.0) D:\a\opencv-python\opencv-python\opencv\modules\imgproc\src\templmatch.cpp:1175: error: (-215:Assertion failed) _img.size().height <= _templ.size().height && _img.size().width <= _templ.size().width in function 'cv::matchTemplate'

2024-12-19 14:42:41,663 - INFO - Critical Error | OpenCV(4.9.0) D:\a\opencv-python\opencv-python\opencv\modules\imgproc\src\templmatch.cpp:1175: error: (-215:Assertion failed) _img.size().height <= _templ.size().height && _img.size().width <= _templ.size().width in function 'cv::matchTemplate'

2024-12-19 14:42:41,764 - INFO - Critical Error | OpenCV(4.9.0) D:\a\opencv-python\opencv-python\opencv\modules\imgproc\src\templmatch.cpp:1175: error: (-215:Assertion failed) _img.size().height <= _templ.size().height && _img.size().width <= _templ.size().width in function 'cv::matchTemplate'

2024-12-19 14:42:41,923 - INFO - Critical Error | OpenCV(4.9.0) D:\a\opencv-python\opencv-python\opencv\modules\imgproc\src\templmatch.cpp:1175: error: (-215:Assertion failed) _img.size().height <= _templ.size().height && _img.size().width <= _templ.size().width in function 'cv::matchTemplate'

2024-12-19 14:42:42,048 - INFO - Critical Error | OpenCV(4.9.0) D:\a\opencv-python\opencv-python\opencv\modules\imgproc\src\templmatch.cpp:1175: error: (-215:Assertion failed) _img.size().height <= _templ.size().height && _img.size().width <= _templ.size().width in function 'cv::matchTemplate'

2024-12-19 14:42:42,162 - INFO - Critical Error | OpenCV(4.9.0) D:\a\opencv-python\opencv-python\opencv\modules\imgproc\src\templmatch.cpp:1175: error: (-215:Assertion failed) _img.size().height <= _templ.size().height && _img.size().width <= _templ.size().width in function 'cv::matchTemplate'

2024-12-19 14:42:42,268 - INFO - Critical Error | OpenCV(4.9.0) D:\a\opencv-python\opencv-python\opencv\modules\imgproc\src\templmatch.cpp:1175: error: (-215:Assertion failed) _img.size().height <= _templ.size().height && _img.size().width <= _templ.size().width in function 'cv::matchTemplate'

2024-12-19 14:42:42,373 - INFO - Critical Error | OpenCV(4.9.0) D:\a\opencv-python\opencv-python\opencv\modules\imgproc\src\templmatch.cpp:1175: error: (-215:Assertion failed) _img.size().height <= _templ.size().height && _img.size().width <= _templ.size().width in function 'cv::matchTemplate'

2024-12-19 14:42:42,466 - INFO - Critical Error | OpenCV(4.9.0) D:\a\opencv-python\opencv-python\opencv\modules\imgproc\src\templmatch.cpp:1175: error: (-215:Assertion failed) _img.size().height <= _templ.size().height && _img.size().width <= _templ.size().width in function 'cv::matchTemplate'

2024-12-19 14:42:42,575 - INFO - Critical Error | OpenCV(4.9.0) D:\a\opencv-python\opencv-python\opencv\modules\imgproc\src\templmatch.cpp:1175: error: (-215:Assertion failed) _img.size().height <= _templ.size().height && _img.size().width <= _templ.size().width in function 'cv::matchTemplate'

2024-12-19 14:42:42,672 - INFO - Critical Error | OpenCV(4.9.0) D:\a\opencv-python\opencv-python\opencv\modules\imgproc\src\templmatch.cpp:1175: error: (-215:Assertion failed) _img.size().height <= _templ.size().height && _img.size().width <= _templ.size().width in function 'cv::matchTemplate'

2024-12-19 14:42:42,773 - INFO - Critical Error | OpenCV(4.9.0) D:\a\opencv-python\opencv-python\opencv\modules\imgproc\src\templmatch.cpp:1175: error: (-215:Assertion failed) _img.size().height <= _templ.size().height && _img.size().width <= _templ.size().width in function 'cv::matchTemplate'

2024-12-19 14:42:42,879 - INFO - Critical Error | OpenCV(4.9.0) D:\a\opencv-python\opencv-python\opencv\modules\imgproc\src\templmatch.cpp:1175: error: (-215:Assertion failed) _img.size().height <= _templ.size().height && _img.size().width <= _templ.size().width in function 'cv::matchTemplate'

2024-12-19 14:42:42,984 - INFO - Critical Error | OpenCV(4.9.0) D:\a\opencv-python\opencv-python\opencv\modules\imgproc\src\templmatch.cpp:1175: error: (-215:Assertion failed) _img.size().height <= _templ.size().height && _img.size().width <= _templ.size().width in function 'cv::matchTemplate'

2024-12-19 14:54:02,211 - INFO - Critical Error | Template size (121x109) is larger than screen size (292x21)
2024-12-19 14:54:02,290 - INFO - Critical Error | Template size (121x109) is larger than screen size (292x21)
2024-12-19 14:54:02,363 - INFO - Critical Error | Template size (121x109) is larger than screen size (292x21)
2024-12-19 14:54:02,442 - INFO - Critical Error | Template size (121x109) is larger than screen size (292x21)
2024-12-19 14:54:02,518 - INFO - Critical Error | Template size (121x109) is larger than screen size (292x21)
2024-12-19 14:54:02,593 - INFO - Critical Error | Template size (121x109) is larger than screen size (292x21)
2024-12-19 14:54:02,673 - INFO - Critical Error | Template size (121x109) is larger than screen size (292x21)
2024-12-19 14:54:02,755 - INFO - Critical Error | Template size (121x109) is larger than screen size (292x21)
2024-12-19 14:54:02,831 - INFO - Critical Error | Template size (121x109) is larger than screen size (292x21)
2024-12-19 14:54:02,907 - INFO - Critical Error | Template size (121x109) is larger than screen size (292x21)
2024-12-19 14:54:02,982 - INFO - Critical Error | Template size (121x109) is larger than screen size (292x21)
2024-12-19 14:54:03,065 - INFO - Critical Error | Template size (121x109) is larger than screen size (292x21)
2024-12-19 14:54:03,150 - INFO - Critical Error | Template size (121x109) is larger than screen size (292x21)
2024-12-19 14:54:03,235 - INFO - Critical Error | Template size (121x109) is larger than screen size (292x21)
2024-12-19 14:54:03,323 - INFO - Critical Error | Template size (121x109) is larger than screen size (292x21)
2024-12-19 14:54:03,400 - INFO - Critical Error | Template size (121x109) is larger than screen size (292x21)
2024-12-19 14:54:03,482 - INFO - Critical Error | Template size (121x109) is larger than screen size (292x21)
2024-12-19 14:54:03,571 - INFO - Critical Error | Template size (121x109) is larger than screen size (292x21)
2024-12-19 14:54:03,651 - INFO - Critical Error | Template size (121x109) is larger than screen size (292x21)
2024-12-19 14:54:03,726 - INFO - Critical Error | Template size (121x109) is larger than screen size (292x21)
2024-12-19 14:54:03,809 - INFO - Critical Error | Template size (121x109) is larger than screen size (292x21)
2024-12-19 14:54:03,887 - INFO - Critical Error | Template size (121x109) is larger than screen size (292x21)
2024-12-19 14:54:03,969 - INFO - Critical Error | Template size (121x109) is larger than screen size (292x21)
2024-12-19 14:54:04,054 - INFO - Critical Error | Template size (121x109) is larger than screen size (292x21)
2024-12-19 14:54:04,140 - INFO - Critical Error | Template size (121x109) is larger than screen size (292x21)
2024-12-19 14:54:04,220 - INFO - Critical Error | Template size (121x109) is larger than screen size (292x21)
2024-12-19 14:54:04,295 - INFO - Critical Error | Template size (121x109) is larger than screen size (292x21)
2024-12-19 14:54:04,374 - INFO - Critical Error | Template size (121x109) is larger than screen size (292x21)
2024-12-19 14:54:04,462 - INFO - Critical Error | Template size (121x109) is larger than screen size (292x21)
2024-12-19 14:54:04,553 - INFO - Critical Error | Template size (121x109) is larger than screen size (292x21)
2024-12-19 14:54:04,639 - INFO - Critical Error | Template size (121x109) is larger than screen size (292x21)
2024-12-19 14:54:04,724 - INFO - Critical Error | Template size (121x109) is larger than screen size (292x21)
2024-12-19 14:54:04,803 - INFO - Critical Error | Template size (121x109) is larger than screen size (292x21)
2024-12-19 14:54:04,885 - INFO - Critical Error | Template size (121x109) is larger than screen size (292x21)
2024-12-19 14:54:05,032 - INFO - Critical Error | Template size (121x109) is larger than screen size (292x21)
2024-12-19 14:54:05,133 - INFO - Critical Error | Template size (121x109) is larger than screen size (292x21)
2024-12-19 14:54:05,255 - INFO - Critical Error | Template size (121x109) is larger than screen size (292x21)
2024-12-19 14:54:05,358 - INFO - Critical Error | Template size (121x109) is larger than screen size (292x21)
2024-12-19 14:54:05,493 - INFO - Critical Error | Template size (121x109) is larger than screen size (292x21)
2024-12-19 14:54:05,652 - INFO - Critical Error | Template size (121x109) is larger than screen size (292x21)
2024-12-19 14:54:05,754 - INFO - Critical Error | Template size (121x109) is larger than screen size (292x21)
2024-12-19 14:54:05,840 - INFO - Critical Error | Template size (121x109) is larger than screen size (292x21)
2024-12-19 14:54:05,938 - INFO - Critical Error | Template size (121x109) is larger than screen size (292x21)
2024-12-19 14:54:06,028 - INFO - Critical Error | Template size (121x109) is larger than screen size (292x21)
2024-12-19 14:54:06,125 - INFO - Critical Error | Template size (121x109) is larger than screen size (292x21)
2024-12-19 14:54:06,211 - INFO - Critical Error | Template size (121x109) is larger than screen size (292x21)
2024-12-19 14:54:06,292 - INFO - Critical Error | Template size (121x109) is larger than screen size (292x21)
2024-12-19 14:54:06,387 - INFO - Critical Error | Template size (121x109) is larger than screen size (292x21)
2024-12-19 14:54:06,524 - INFO - Critical Error | Template size (121x109) is larger than screen size (292x21)
2024-12-19 14:54:06,654 - INFO - Critical Error | Template size (121x109) is larger than screen size (292x21)
2024-12-19 14:54:06,757 - INFO - Critical Error | Template size (121x109) is larger than screen size (292x21)
2024-12-19 14:54:06,851 - INFO - Critical Error | Template size (121x109) is larger than screen size (292x21)
2024-12-19 14:54:06,952 - INFO - Critical Error | Template size (121x109) is larger than screen size (292x21)
2024-12-19 14:54:07,047 - INFO - Critical Error | Template size (121x109) is larger than screen size (292x21)
2024-12-19 14:54:07,157 - INFO - Critical Error | Template size (121x109) is larger than screen size (292x21)
2024-12-19 14:54:07,249 - INFO - Critical Error | Template size (121x109) is larger than screen size (292x21)
2024-12-19 14:54:07,335 - INFO - Critical Error | Template size (121x109) is larger than screen size (292x21)
2024-12-19 14:54:07,419 - INFO - Critical Error | Template size (121x109) is larger than screen size (292x21)
2024-12-19 14:54:07,509 - INFO - Critical Error | Template size (121x109) is larger than screen size (292x21)
2024-12-19 14:54:07,601 - INFO - Critical Error | Template size (121x109) is larger than screen size (292x21)
2024-12-19 14:54:07,702 - INFO - Critical Error | Template size (121x109) is larger than screen size (292x21)
2024-12-19 14:54:07,835 - INFO - Critical Error | Template size (121x109) is larger than screen size (292x21)
2024-12-19 14:54:07,916 - INFO - Critical Error | Template size (121x109) is larger than screen size (292x21)
2024-12-19 14:54:08,012 - INFO - Critical Error | Template size (121x109) is larger than screen size (292x21)
2024-12-19 14:54:08,108 - INFO - Critical Error | Template size (121x109) is larger than screen size (292x21)
2024-12-19 14:54:08,197 - INFO - Critical Error | Template size (121x109) is larger than screen size (292x21)
2024-12-19 14:54:08,301 - INFO - Critical Error | Template size (121x109) is larger than screen size (292x21)
2024-12-19 14:54:08,398 - INFO - Critical Error | Template size (121x109) is larger than screen size (292x21)
2024-12-19 14:54:08,500 - INFO - Critical Error | Template size (121x109) is larger than screen size (292x21)
2024-12-19 14:54:08,589 - INFO - Critical Error | Template size (121x109) is larger than screen size (292x21)
2024-12-19 14:54:08,690 - INFO - Critical Error | Template size (121x109) is larger than screen size (292x21)
2024-12-19 14:54:08,797 - INFO - Critical Error | Template size (121x109) is larger than screen size (292x21)
2024-12-19 14:54:08,889 - INFO - Critical Error | Template size (121x109) is larger than screen size (292x21)
2024-12-19 14:54:08,979 - INFO - Critical Error | Template size (121x109) is larger than screen size (292x21)
2024-12-19 14:54:09,113 - INFO - Critical Error | Template size (121x109) is larger than screen size (292x21)
2024-12-19 14:54:09,253 - INFO - Critical Error | Template size (121x109) is larger than screen size (292x21)
2024-12-19 14:54:09,342 - INFO - Critical Error | Template size (121x109) is larger than screen size (292x21)
2024-12-19 14:54:09,490 - INFO - Critical Error | Template size (121x109) is larger than screen size (292x21)
2024-12-19 14:54:09,641 - INFO - Critical Error | Template size (121x109) is larger than screen size (292x21)
2024-12-19 14:54:09,736 - INFO - Critical Error | Template size (121x109) is larger than screen size (292x21)
2024-12-19 14:54:09,830 - INFO - Critical Error | Template size (121x109) is larger than screen size (292x21)
2024-12-19 14:54:09,905 - INFO - Critical Error | Template size (121x109) is larger than screen size (292x21)
2024-12-19 14:54:09,973 - INFO - Critical Error | Template size (121x109) is larger than screen size (292x21)
2024-12-19 14:54:10,050 - INFO - Critical Error | Template size (121x109) is larger than screen size (292x21)
2024-12-19 14:54:10,129 - INFO - Critical Error | Template size (121x109) is larger than screen size (292x21)
2024-12-19 14:54:10,217 - INFO - Critical Error | Template size (121x109) is larger than screen size (292x21)
2024-12-19 14:54:10,299 - INFO - Critical Error | Template size (121x109) is larger than screen size (292x21)
2024-12-19 14:54:10,382 - INFO - Critical Error | Template size (121x109) is larger than screen size (292x21)
2024-12-19 14:54:10,453 - INFO - Critical Error | Template size (121x109) is larger than screen size (292x21)
2024-12-19 14:54:10,519 - INFO - Critical Error | Template size (121x109) is larger than screen size (292x21)
2024-12-19 14:54:10,588 - INFO - Critical Error | Template size (121x109) is larger than screen size (292x21)
2024-12-19 14:54:10,655 - INFO - Critical Error | Template size (121x109) is larger than screen size (292x21)
2024-12-19 14:54:10,725 - INFO - Critical Error | Template size (121x109) is larger than screen size (292x21)
2024-12-19 14:54:10,794 - INFO - Critical Error | Template size (121x109) is larger than screen size (292x21)
2024-12-19 14:54:10,859 - INFO - Critical Error | Template size (121x109) is larger than screen size (292x21)
2024-12-19 14:54:10,923 - INFO - Critical Error | Template size (121x109) is larger than screen size (292x21)
2024-12-19 14:54:10,991 - INFO - Critical Error | Template size (121x109) is larger than screen size (292x21)
2024-12-19 14:54:11,060 - INFO - Critical Error | Template size (121x109) is larger than screen size (292x21)
2024-12-19 14:54:11,127 - INFO - Critical Error | Template size (121x109) is larger than screen size (292x21)
2024-12-19 14:54:11,270 - INFO - Critical Error | Template size (121x109) is larger than screen size (292x21)
2024-12-19 14:54:11,373 - INFO - Critical Error | Template size (121x109) is larger than screen size (292x21)
2024-12-19 14:54:11,459 - INFO - Critical Error | Template size (121x109) is larger than screen size (292x21)
2024-12-19 14:54:11,537 - INFO - Critical Error | Template size (121x109) is larger than screen size (292x21)
2024-12-19 14:54:11,611 - INFO - Critical Error | Template size (121x109) is larger than screen size (292x21)
2024-12-19 14:54:11,688 - INFO - Critical Error | Template size (121x109) is larger than screen size (292x21)
2024-12-19 14:54:11,763 - INFO - Critical Error | Template size (121x109) is larger than screen size (292x21)
2024-12-19 14:54:11,844 - INFO - Critical Error | Template size (121x109) is larger than screen size (292x21)
2024-12-19 14:54:11,916 - INFO - Critical Error | Template size (121x109) is larger than screen size (292x21)
2024-12-19 14:54:11,997 - INFO - Critical Error | Template size (121x109) is larger than screen size (292x21)
2024-12-19 14:54:12,065 - INFO - Critical Error | Template size (121x109) is larger than screen size (292x21)
2024-12-19 14:54:12,138 - INFO - Critical Error | Template size (121x109) is larger than screen size (292x21)
2024-12-19 14:54:12,215 - INFO - Critical Error | Template size (121x109) is larger than screen size (292x21)
2024-12-19 14:54:12,294 - INFO - Critical Error | Template size (121x109) is larger than screen size (292x21)
2024-12-19 14:54:12,371 - INFO - Critical Error | Template size (121x109) is larger than screen size (292x21)
2024-12-19 14:54:12,443 - INFO - Critical Error | Template size (121x109) is larger than screen size (292x21)
2024-12-19 14:54:12,521 - INFO - Critical Error | Template size (121x109) is larger than screen size (292x21)
2024-12-19 14:54:12,594 - INFO - Critical Error | Template size (121x109) is larger than screen size (292x21)
2024-12-19 14:54:12,664 - INFO - Critical Error | Template size (121x109) is larger than screen size (292x21)
2024-12-19 14:54:12,734 - INFO - Critical Error | Template size (121x109) is larger than screen size (292x21)
2024-12-19 14:54:12,803 - INFO - Critical Error | Template size (121x109) is larger than screen size (292x21)
2024-12-19 14:54:12,872 - INFO - Critical Error | Template size (121x109) is larger than screen size (292x21)
2024-12-19 14:54:12,947 - INFO - Critical Error | Template size (121x109) is larger than screen size (292x21)
2024-12-19 14:54:13,018 - INFO - Critical Error | Template size (121x109) is larger than screen size (292x21)
2024-12-19 14:54:13,088 - INFO - Critical Error | Template size (121x109) is larger than screen size (292x21)
2024-12-19 14:54:13,158 - INFO - Critical Error | Template size (121x109) is larger than screen size (292x21)
2024-12-19 14:54:13,220 - INFO - Critical Error | Template size (121x109) is larger than screen size (292x21)
2024-12-19 14:54:13,303 - INFO - Critical Error | Template size (121x109) is larger than screen size (292x21)
2024-12-19 14:54:13,381 - INFO - Critical Error | Template size (121x109) is larger than screen size (292x21)
2024-12-19 14:54:13,458 - INFO - Critical Error | Template size (121x109) is larger than screen size (292x21)
2024-12-19 14:54:13,532 - INFO - Critical Error | Template size (121x109) is larger than screen size (292x21)
2024-12-19 14:54:13,605 - INFO - Critical Error | Template size (121x109) is larger than screen size (292x21)
2024-12-19 14:54:13,679 - INFO - Critical Error | Template size (121x109) is larger than screen size (292x21)
2024-12-19 14:54:13,756 - INFO - Critical Error | Template size (121x109) is larger than screen size (292x21)
2024-12-19 14:54:13,823 - INFO - Critical Error | Template size (121x109) is larger than screen size (292x21)
2024-12-19 14:54:13,894 - INFO - Critical Error | Template size (121x109) is larger than screen size (292x21)
2024-12-19 14:54:13,971 - INFO - Critical Error | Template size (121x109) is larger than screen size (292x21)
2024-12-19 14:54:14,046 - INFO - Critical Error | Template size (121x109) is larger than screen size (292x21)
2024-12-19 14:54:14,141 - INFO - Critical Error | Template size (121x109) is larger than screen size (292x21)
2024-12-19 14:54:14,220 - INFO - Critical Error | Template size (121x109) is larger than screen size (292x21)
2024-12-19 14:54:14,284 - INFO - Critical Error | Template size (121x109) is larger than screen size (292x21)
2024-12-19 14:54:14,357 - INFO - Critical Error | Template size (121x109) is larger than screen size (292x21)
2024-12-19 14:54:14,446 - INFO - Critical Error | Template size (121x109) is larger than screen size (292x21)
2024-12-19 14:54:14,542 - INFO - Critical Error | Template size (121x109) is larger than screen size (292x21)
2024-12-19 14:54:14,640 - INFO - Critical Error | Template size (121x109) is larger than screen size (292x21)
2024-12-19 14:54:14,720 - INFO - Critical Error | Template size (121x109) is larger than screen size (292x21)
2024-12-19 14:54:14,794 - INFO - Critical Error | Template size (121x109) is larger than screen size (292x21)
2024-12-19 14:54:14,870 - INFO - Critical Error | Template size (121x109) is larger than screen size (292x21)
2024-12-19 14:54:14,942 - INFO - Critical Error | Template size (121x109) is larger than screen size (292x21)
2024-12-19 14:54:15,017 - INFO - Critical Error | Template size (121x109) is larger than screen size (292x21)
2024-12-19 14:54:15,106 - INFO - Critical Error | Template size (121x109) is larger than screen size (292x21)
2024-12-19 14:54:15,201 - INFO - Critical Error | Template size (121x109) is larger than screen size (292x21)
2024-12-19 14:54:15,307 - INFO - Critical Error | Template size (121x109) is larger than screen size (292x21)
2024-12-19 14:54:15,384 - INFO - Critical Error | Template size (121x109) is larger than screen size (292x21)
2024-12-19 14:54:15,452 - INFO - Critical Error | Template size (121x109) is larger than screen size (292x21)
2024-12-19 14:54:15,516 - INFO - Critical Error | Template size (121x109) is larger than screen size (292x21)
2024-12-19 14:54:15,595 - INFO - Critical Error | Template size (121x109) is larger than screen size (292x21)
2024-12-19 14:54:15,670 - INFO - Critical Error | Template size (121x109) is larger than screen size (292x21)
2024-12-19 15:00:09,638 - INFO - Error | Template not found at images/icon2.png
2024-12-19 15:00:09,673 - INFO - Error | Template not found at images/icon3.png
2024-12-19 15:00:10,448 - INFO - Error | Template not found at images/icon2.png
2024-12-19 15:00:10,491 - INFO - Error | Template not found at images/icon3.png
2024-12-19 15:00:11,270 - INFO - Error | Template not found at images/icon2.png
2024-12-19 15:00:11,300 - INFO - Error | Template not found at images/icon3.png
2024-12-19 15:00:12,158 - INFO - Error | Template not found at images/icon2.png
2024-12-19 15:00:12,194 - INFO - Error | Template not found at images/icon3.png
2024-12-19 15:00:12,938 - INFO - Template Found | Path: images/icon1.png, Position: (866, 389)
2024-12-19 15:00:13,053 - INFO - Click Performed | Position: (866, 389)
2024-12-19 15:00:13,099 - INFO - Error | Template not found at images/icon2.png
2024-12-19 15:00:13,134 - INFO - Error | Template not found at images/icon3.png
2024-12-19 15:00:13,903 - INFO - Template Found | Path: images/icon1.png, Position: (866, 389)
2024-12-19 15:00:14,009 - INFO - Click Performed | Position: (866, 389)
2024-12-19 15:00:14,035 - INFO - Error | Template not found at images/icon2.png
2024-12-19 15:00:14,068 - INFO - Error | Template not found at images/icon3.png
2024-12-19 15:00:14,978 - INFO - Template Found | Path: images/icon1.png, Position: (866, 389)
2024-12-19 15:00:15,086 - INFO - Click Performed | Position: (866, 389)
2024-12-19 15:00:15,134 - INFO - Error | Template not found at images/icon2.png
2024-12-19 15:00:15,172 - INFO - Error | Template not found at images/icon3.png
2024-12-19 15:00:15,956 - INFO - Template Found | Path: images/icon1.png, Position: (866, 389)
2024-12-19 15:00:16,062 - INFO - Click Performed | Position: (866, 389)
2024-12-19 15:00:16,113 - INFO - Error | Template not found at images/icon2.png
2024-12-19 15:00:16,166 - INFO - Error | Template not found at images/icon3.png
2024-12-19 15:00:17,048 - INFO - Template Found | Path: images/icon1.png, Position: (866, 389)
2024-12-19 15:00:17,154 - INFO - Click Performed | Position: (866, 389)
2024-12-19 15:00:17,181 - INFO - Error | Template not found at images/icon2.png
2024-12-19 15:00:17,212 - INFO - Error | Template not found at images/icon3.png
2024-12-19 15:00:18,115 - INFO - Template Found | Path: images/icon1.png, Position: (866, 389)
2024-12-19 15:00:18,225 - INFO - Click Performed | Position: (866, 389)
2024-12-19 15:00:18,273 - INFO - Error | Template not found at images/icon2.png
2024-12-19 15:00:18,318 - INFO - Error | Template not found at images/icon3.png
2024-12-19 15:00:19,112 - INFO - Template Found | Path: images/icon1.png, Position: (866, 389)
2024-12-19 15:00:19,219 - INFO - Click Performed | Position: (866, 389)
2024-12-19 15:00:19,246 - INFO - Error | Template not found at images/icon2.png
2024-12-19 15:00:19,280 - INFO - Error | Template not found at images/icon3.png
2024-12-19 15:00:20,185 - INFO - Template Found | Path: images/icon1.png, Position: (866, 389)
2024-12-19 15:00:20,294 - INFO - Click Performed | Position: (866, 389)
2024-12-19 15:00:20,320 - INFO - Error | Template not found at images/icon2.png
2024-12-19 15:00:20,355 - INFO - Error | Template not found at images/icon3.png
2024-12-19 15:00:21,351 - INFO - Template Found | Path: images/icon1.png, Position: (866, 389)
2024-12-19 15:00:21,465 - INFO - Click Performed | Position: (866, 389)
2024-12-19 15:00:21,502 - INFO - Error | Template not found at images/icon2.png
2024-12-19 15:00:21,548 - INFO - Error | Template not found at images/icon3.png
2024-12-19 15:00:22,388 - INFO - Template Found | Path: images/icon1.png, Position: (866, 389)
2024-12-19 15:00:22,498 - INFO - Click Performed | Position: (866, 389)
2024-12-19 15:00:22,547 - INFO - Error | Template not found at images/icon2.png
2024-12-19 15:00:22,584 - INFO - Error | Template not found at images/icon3.png
2024-12-19 15:00:23,354 - INFO - Template Found | Path: images/icon1.png, Position: (866, 389)
2024-12-19 15:00:23,461 - INFO - Click Performed | Position: (866, 389)
2024-12-19 15:00:23,505 - INFO - Error | Template not found at images/icon2.png
2024-12-19 15:00:23,545 - INFO - Error | Template not found at images/icon3.png
2024-12-19 15:00:24,342 - INFO - Template Found | Path: images/icon1.png, Position: (866, 389)
2024-12-19 15:00:24,449 - INFO - Click Performed | Position: (866, 389)
2024-12-19 15:00:24,477 - INFO - Error | Template not found at images/icon2.png
2024-12-19 15:00:24,514 - INFO - Error | Template not found at images/icon3.png
2024-12-19 15:00:25,326 - INFO - Template Found | Path: images/icon1.png, Position: (866, 389)
2024-12-19 15:00:25,440 - INFO - Click Performed | Position: (866, 389)
2024-12-19 15:00:25,469 - INFO - Error | Template not found at images/icon2.png
2024-12-19 15:00:25,501 - INFO - Error | Template not found at images/icon3.png
2024-12-19 15:00:26,286 - INFO - Template Found | Path: images/icon1.png, Position: (866, 389)
2024-12-19 15:00:26,395 - INFO - Click Performed | Position: (866, 389)
2024-12-19 15:00:26,423 - INFO - Error | Template not found at images/icon2.png
2024-12-19 15:00:26,457 - INFO - Error | Template not found at images/icon3.png
2024-12-19 15:00:27,253 - INFO - Template Found | Path: images/icon1.png, Position: (866, 389)
2024-12-19 15:00:27,361 - INFO - Click Performed | Position: (866, 389)
2024-12-19 15:00:27,392 - INFO - Error | Template not found at images/icon2.png
2024-12-19 15:00:27,431 - INFO - Error | Template not found at images/icon3.png
2024-12-19 15:00:28,709 - INFO - Template Found | Path: images/icon1.png, Position: (866, 389)
2024-12-19 15:00:28,883 - INFO - Click Performed | Position: (866, 389)
2024-12-19 15:00:29,361 - INFO - Error | Template not found at images/icon2.png
2024-12-19 15:00:29,532 - INFO - Error | Template not found at images/icon3.png
2024-12-19 15:00:30,383 - INFO - Error | Template not found at images/icon2.png
2024-12-19 15:00:30,422 - INFO - Error | Template not found at images/icon3.png
2024-12-19 15:00:31,210 - INFO - Error | Template not found at images/icon2.png
2024-12-19 15:00:31,242 - INFO - Error | Template not found at images/icon3.png
2024-12-19 15:03:22,288 - INFO - Error | Template not found at images/icon2.png
2024-12-19 15:03:22,318 - INFO - Error | Template not found at images/icon3.png
2024-12-19 15:03:23,141 - INFO - Error | Template not found at images/icon2.png
2024-12-19 15:03:23,187 - INFO - Error | Template not found at images/icon3.png
2024-12-19 15:03:24,212 - INFO - Error | Template not found at images/icon2.png
2024-12-19 15:03:24,256 - INFO - Error | Template not found at images/icon3.png
2024-12-19 15:03:25,271 - INFO - Error | Template not found at images/icon2.png
2024-12-19 15:03:25,320 - INFO - Error | Template not found at images/icon3.png
2024-12-19 15:03:26,206 - INFO - Error | Template not found at images/icon2.png
2024-12-19 15:03:26,257 - INFO - Error | Template not found at images/icon3.png
2024-12-19 15:03:27,291 - INFO - Error | Template not found at images/icon2.png
2024-12-19 15:03:27,374 - INFO - Error | Template not found at images/icon3.png
2024-12-19 15:03:28,283 - INFO - Error | Template not found at images/icon2.png
2024-12-19 15:03:28,330 - INFO - Error | Template not found at images/icon3.png
2024-12-19 15:03:29,309 - INFO - Error | Template not found at images/icon2.png
2024-12-19 15:03:29,417 - INFO - Error | Template not found at images/icon3.png
2024-12-19 15:03:30,634 - INFO - Error | Template not found at images/icon2.png
2024-12-19 15:03:30,810 - INFO - Error | Template not found at images/icon3.png
2024-12-19 15:03:32,056 - INFO - Error | Template not found at images/icon2.png
2024-12-19 15:03:32,136 - INFO - Error | Template not found at images/icon3.png
2024-12-19 15:03:33,351 - INFO - Error | Template not found at images/icon2.png
2024-12-19 15:03:33,493 - INFO - Error | Template not found at images/icon3.png
2024-12-19 15:03:34,840 - INFO - Error | Template not found at images/icon2.png
2024-12-19 15:03:34,927 - INFO - Error | Template not found at images/icon3.png
2024-12-19 15:03:36,083 - INFO - Error | Template not found at images/icon2.png
2024-12-19 15:03:36,227 - INFO - Error | Template not found at images/icon3.png
2024-12-19 15:03:37,659 - INFO - Error | Template not found at images/icon2.png
2024-12-19 15:03:37,763 - INFO - Error | Template not found at images/icon3.png
2024-12-19 15:03:39,193 - INFO - Error | Template not found at images/icon2.png
2024-12-19 15:03:39,267 - INFO - Error | Template not found at images/icon3.png
2024-12-19 15:03:40,306 - INFO - Error | Template not found at images/icon2.png
2024-12-19 15:03:40,392 - INFO - Error | Template not found at images/icon3.png
2024-12-19 15:03:41,625 - INFO - Error | Template not found at images/icon2.png
2024-12-19 15:03:41,764 - INFO - Error | Template not found at images/icon3.png
2024-12-19 15:03:43,182 - INFO - Error | Template not found at images/icon2.png
2024-12-19 15:03:43,224 - INFO - Error | Template not found at images/icon3.png
2024-12-19 15:03:44,612 - INFO - Error | Template not found at images/icon2.png
2024-12-19 15:03:44,693 - INFO - Error | Template not found at images/icon3.png
2024-12-19 15:03:45,897 - INFO - Error | Template not found at images/icon2.png
2024-12-19 15:03:46,042 - INFO - Error | Template not found at images/icon3.png
2024-12-19 15:03:47,384 - INFO - Error | Template not found at images/icon2.png
2024-12-19 15:03:47,467 - INFO - Error | Template not found at images/icon3.png
2024-12-19 15:03:48,753 - INFO - Error | Template not found at images/icon2.png
2024-12-19 15:03:48,880 - INFO - Error | Template not found at images/icon3.png
2024-12-19 15:03:50,206 - INFO - Error | Template not found at images/icon2.png
2024-12-19 15:03:50,290 - INFO - Error | Template not found at images/icon3.png
2024-12-19 15:03:51,566 - INFO - Error | Template not found at images/icon2.png
2024-12-19 15:03:51,663 - INFO - Error | Template not found at images/icon3.png
2024-12-19 15:03:52,861 - INFO - Error | Template not found at images/icon2.png
2024-12-19 15:03:52,951 - INFO - Error | Template not found at images/icon3.png
2024-12-19 15:03:54,378 - INFO - Error | Template not found at images/icon2.png
2024-12-19 15:03:54,619 - INFO - Error | Template not found at images/icon3.png
2024-12-19 15:03:55,850 - INFO - Error | Template not found at images/icon2.png
2024-12-19 15:03:55,976 - INFO - Error | Template not found at images/icon3.png
2024-12-19 15:03:57,402 - INFO - Error | Template not found at images/icon2.png
2024-12-19 15:03:57,495 - INFO - Error | Template not found at images/icon3.png
2024-12-19 15:03:58,974 - INFO - Error | Template not found at images/icon2.png
2024-12-19 15:03:59,118 - INFO - Error | Template not found at images/icon3.png
2024-12-19 15:04:00,057 - INFO - Error | Template not found at images/icon2.png
2024-12-19 15:04:00,105 - INFO - Error | Template not found at images/icon3.png
2024-12-19 15:04:01,065 - INFO - Error | Template not found at images/icon2.png
2024-12-19 15:04:01,104 - INFO - Error | Template not found at images/icon3.png
2024-12-19 15:04:01,954 - INFO - Error | Template not found at images/icon2.png
2024-12-19 15:04:01,993 - INFO - Error | Template not found at images/icon3.png
2024-12-19 15:04:02,945 - INFO - Error | Template not found at images/icon2.png
2024-12-19 15:04:02,999 - INFO - Error | Template not found at images/icon3.png
2024-12-19 15:04:03,888 - INFO - Error | Template not found at images/icon2.png
2024-12-19 15:04:03,922 - INFO - Error | Template not found at images/icon3.png
2024-12-19 15:04:04,830 - INFO - Error | Template not found at images/icon2.png
2024-12-19 15:04:04,868 - INFO - Error | Template not found at images/icon3.png
2024-12-19 15:06:31,557 - INFO - Template Found | Path: images/icon1.png, Position: (866, 389)
2024-12-19 15:06:31,702 - INFO - Click Performed | Position: (866, 389)
2024-12-19 15:06:32,645 - INFO - Template Found | Path: images/icon1.png, Position: (866, 389)
2024-12-19 15:06:32,756 - INFO - Click Performed | Position: (866, 389)
2024-12-19 15:06:33,656 - INFO - Template Found | Path: images/icon1.png, Position: (866, 389)
2024-12-19 15:06:33,764 - INFO - Click Performed | Position: (866, 389)
2024-12-19 15:06:34,651 - INFO - Template Found | Path: images/icon1.png, Position: (866, 389)
2024-12-19 15:06:34,835 - INFO - Click Performed | Position: (866, 389)
2024-12-19 15:06:42,735 - INFO - Template Found | Path: images/icon1.png, Position: (866, 389)
2024-12-19 15:06:42,844 - INFO - Click Performed | Position: (866, 389)
2024-12-19 15:06:43,812 - INFO - Template Found | Path: images/icon1.png, Position: (866, 389)
2024-12-19 15:06:43,924 - INFO - Click Performed | Position: (866, 389)
2024-12-19 15:06:44,876 - INFO - Template Found | Path: images/icon1.png, Position: (866, 389)
2024-12-19 15:06:44,987 - INFO - Click Performed | Position: (866, 389)
2024-12-19 15:06:45,840 - INFO - Template Found | Path: images/icon1.png, Position: (866, 389)
2024-12-19 15:06:45,951 - INFO - Click Performed | Position: (866, 389)
2024-12-19 15:06:46,824 - INFO - Template Found | Path: images/icon1.png, Position: (866, 389)
2024-12-19 15:06:46,937 - INFO - Click Performed | Position: (866, 389)
2024-12-19 15:06:47,768 - INFO - Template Found | Path: images/icon1.png, Position: (866, 389)
2024-12-19 15:06:47,902 - INFO - Click Performed | Position: (866, 389)
2024-12-19 15:06:48,730 - INFO - Template Found | Path: images/icon1.png, Position: (866, 389)
2024-12-19 15:06:48,841 - INFO - Click Performed | Position: (866, 389)
2024-12-19 15:06:49,678 - INFO - Template Found | Path: images/icon1.png, Position: (866, 389)
2024-12-19 15:06:49,794 - INFO - Click Performed | Position: (866, 389)
2024-12-19 15:06:50,640 - INFO - Template Found | Path: images/icon1.png, Position: (866, 389)
2024-12-19 15:06:50,750 - INFO - Click Performed | Position: (866, 389)
2024-12-19 15:06:51,693 - INFO - Template Found | Path: images/icon1.png, Position: (866, 389)
2024-12-19 15:06:51,839 - INFO - Click Performed | Position: (866, 389)
2024-12-19 15:06:52,717 - INFO - Template Found | Path: images/icon1.png, Position: (866, 389)
2024-12-19 15:06:52,826 - INFO - Click Performed | Position: (866, 389)
2024-12-19 15:06:53,647 - INFO - Template Found | Path: images/icon1.png, Position: (866, 389)
2024-12-19 15:06:53,757 - INFO - Click Performed | Position: (866, 389)
2024-12-19 15:06:54,544 - INFO - Template Found | Path: images/icon1.png, Position: (866, 389)
2024-12-19 15:06:54,652 - INFO - Click Performed | Position: (866, 389)
2024-12-19 15:06:55,585 - INFO - Template Found | Path: images/icon1.png, Position: (866, 389)
2024-12-19 15:06:55,693 - INFO - Click Performed | Position: (866, 389)
2024-12-19 15:09:18,538 - INFO - Template Found | Path: images/icon1.png, Position: (0, 648)
2024-12-19 15:09:18,647 - INFO - Click Performed | Position: (0, 648)
2024-12-19 15:09:26,523 - INFO - Template Found | Path: images/icon1.png, Position: (870, 392)
2024-12-19 15:09:26,636 - INFO - Click Performed | Position: (870, 392)
2024-12-19 15:09:27,962 - INFO - Template Found | Path: images/icon1.png, Position: (1030, 685)
2024-12-19 15:09:28,072 - INFO - Click Performed | Position: (1030, 685)
2024-12-19 15:09:32,889 - INFO - Template Found | Path: images/icon1.png, Position: (1002, 453)
2024-12-19 15:09:33,000 - INFO - Click Performed | Position: (1002, 453)
2024-12-19 15:09:35,676 - INFO - Template Found | Path: images/icon1.png, Position: (952, 405)
2024-12-19 15:09:35,785 - INFO - Click Performed | Position: (952, 405)
2024-12-19 15:09:43,950 - INFO - Template Found | Path: images/icon1.png, Position: (977, 429)
2024-12-19 15:09:44,055 - INFO - Click Performed | Position: (977, 429)
2024-12-19 15:09:45,333 - INFO - Template Found | Path: images/icon1.png, Position: (1002, 453)
2024-12-19 15:09:45,445 - INFO - Click Performed | Position: (1002, 453)
2024-12-19 15:09:46,918 - INFO - Template Found | Path: images/icon1.png, Position: (1002, 453)
2024-12-19 15:09:47,030 - INFO - Click Performed | Position: (1002, 453)
2024-12-19 15:09:48,527 - INFO - Template Found | Path: images/icon1.png, Position: (1002, 453)
2024-12-19 15:09:48,638 - INFO - Click Performed | Position: (1002, 453)
2024-12-19 15:09:50,617 - INFO - Template Found | Path: images/icon1.png, Position: (1002, 453)
2024-12-19 15:09:50,732 - INFO - Click Performed | Position: (1002, 453)
2024-12-19 15:10:33,956 - INFO - Template Found | Path: images/icon1.png, Position: (1002, 453)
2024-12-19 15:10:34,070 - INFO - Click Performed | Position: (1002, 453)
2024-12-19 15:10:35,535 - INFO - Template Found | Path: images/icon1.png, Position: (1002, 453)
2024-12-19 15:10:35,644 - INFO - Click Performed | Position: (1002, 453)
2024-12-19 15:10:37,110 - INFO - Template Found | Path: images/icon1.png, Position: (1002, 453)
2024-12-19 15:10:37,220 - INFO - Click Performed | Position: (1002, 453)
2024-12-19 15:10:38,712 - INFO - Template Found | Path: images/icon1.png, Position: (1002, 453)
2024-12-19 15:10:38,817 - INFO - Click Performed | Position: (1002, 453)
2024-12-19 15:10:40,463 - INFO - Template Found | Path: images/icon1.png, Position: (996, 447)
2024-12-19 15:10:40,575 - INFO - Click Performed | Position: (996, 447)
2024-12-19 15:10:42,476 - INFO - Template Found | Path: images/icon1.png, Position: (990, 442)
2024-12-19 15:10:42,581 - INFO - Click Performed | Position: (990, 442)
2024-12-19 15:10:44,343 - INFO - Template Found | Path: images/icon1.png, Position: (989, 440)
2024-12-19 15:10:44,449 - INFO - Click Performed | Position: (989, 440)
2024-12-19 15:10:46,432 - INFO - Template Found | Path: images/icon1.png, Position: (984, 435)
2024-12-19 15:10:46,543 - INFO - Click Performed | Position: (984, 435)
2024-12-19 15:10:48,974 - INFO - Template Found | Path: images/icon1.png, Position: (984, 435)
2024-12-19 15:10:49,099 - INFO - Click Performed | Position: (984, 435)
2024-12-19 15:12:54,105 - INFO - Template Found | Position: (998, 450)
2024-12-19 15:12:54,219 - INFO - Click Performed | Position: (998, 450)
2024-12-19 15:12:57,456 - INFO - Template Found | Position: (991, 444)
2024-12-19 15:12:57,565 - INFO - Click Performed | Position: (991, 444)
2024-12-19 15:13:00,767 - INFO - Template Found | Position: (942, 399)
2024-12-19 15:13:00,882 - INFO - Click Performed | Position: (942, 399)
2024-12-19 15:13:04,262 - INFO - Template Found | Position: (955, 411)
2024-12-19 15:13:04,377 - INFO - Click Performed | Position: (955, 411)
2024-12-19 15:16:33,523 - INFO - Template Found | Position: (73, 911)
2024-12-19 15:16:33,644 - INFO - Click Performed | Position: (73, 911)
2024-12-19 15:16:55,472 - INFO - Template Found | Position: (73, 911)
2024-12-19 15:16:55,580 - INFO - Click Performed | Position: (73, 911)
2024-12-19 15:16:58,925 - INFO - Template Found | Position: (73, 911)
2024-12-19 15:16:59,038 - INFO - Click Performed | Position: (73, 911)
2024-12-19 15:17:02,273 - INFO - Template Found | Position: (73, 766)
2024-12-19 15:17:02,385 - INFO - Click Performed | Position: (73, 766)
2024-12-19 15:17:05,314 - INFO - Template Found | Position: (73, 766)
2024-12-19 15:17:05,429 - INFO - Click Performed | Position: (73, 766)
2024-12-19 15:17:08,899 - INFO - Template Found | Position: (73, 559)
2024-12-19 15:17:09,016 - INFO - Click Performed | Position: (73, 559)
2024-12-19 15:17:12,393 - INFO - Template Found | Position: (571, 911)
2024-12-19 15:17:12,513 - INFO - Click Performed | Position: (571, 911)
